{"/Users/alvaro/projects/github.com/HelpingPeopleNow/frontend/src/AdminLLMPage.tsx": {"path":"/Users/alvaro/projects/github.com/HelpingPeopleNow/frontend/src/AdminLLMPage.tsx","statementMap":{"0":{"start":{"line":8,"column":74},"end":{"line":14,"column":null}},"1":{"start":{"line":17,"column":12},"end":{"line":17,"column":null}},"2":{"start":{"line":18,"column":2},"end":{"line":18,"column":null}},"3":{"start":{"line":19,"column":30},"end":{"line":19,"column":null}},"4":{"start":{"line":20,"column":26},"end":{"line":20,"column":null}},"5":{"start":{"line":21,"column":28},"end":{"line":21,"column":null}},"6":{"start":{"line":23,"column":2},"end":{"line":27,"column":null}},"7":{"start":{"line":24,"column":4},"end":{"line":26,"column":null}},"8":{"start":{"line":25,"column":22},"end":{"line":25,"column":58}},"9":{"start":{"line":26,"column":19},"end":{"line":26,"column":52}},"10":{"start":{"line":29,"column":29},"end":{"line":42,"column":null}},"11":{"start":{"line":30,"column":4},"end":{"line":30,"column":null}},"12":{"start":{"line":31,"column":4},"end":{"line":41,"column":null}},"13":{"start":{"line":32,"column":19},"end":{"line":32,"column":null}},"14":{"start":{"line":33,"column":20},"end":{"line":33,"column":null}},"15":{"start":{"line":33,"column":40},"end":{"line":33,"column":60}},"16":{"start":{"line":34,"column":6},"end":{"line":34,"column":null}},"17":{"start":{"line":35,"column":6},"end":{"line":35,"column":null}},"18":{"start":{"line":35,"column":43},"end":{"line":35,"column":null}},"19":{"start":{"line":37,"column":18},"end":{"line":37,"column":null}},"20":{"start":{"line":38,"column":6},"end":{"line":38,"column":null}},"21":{"start":{"line":40,"column":6},"end":{"line":40,"column":null}},"22":{"start":{"line":44,"column":2},"end":{"line":82,"column":null}},"23":{"start":{"line":72,"column":67},"end":{"line":72,"column":103}},"24":{"start":{"line":74,"column":14},"end":{"line":74,"column":null}}},"fnMap":{"0":{"name":"AdminLLMPage","decl":{"start":{"line":16,"column":24},"end":{"line":16,"column":39}},"loc":{"start":{"line":16,"column":39},"end":{"line":84,"column":null}},"line":16},"1":{"name":"(anonymous_1)","decl":{"start":{"line":23,"column":12},"end":{"line":23,"column":18}},"loc":{"start":{"line":23,"column":18},"end":{"line":27,"column":5}},"line":23},"2":{"name":"(anonymous_2)","decl":{"start":{"line":25,"column":12},"end":{"line":25,"column":13}},"loc":{"start":{"line":25,"column":22},"end":{"line":25,"column":58}},"line":25},"3":{"name":"(anonymous_3)","decl":{"start":{"line":26,"column":13},"end":{"line":26,"column":19}},"loc":{"start":{"line":26,"column":19},"end":{"line":26,"column":52}},"line":26},"4":{"name":"(anonymous_4)","decl":{"start":{"line":29,"column":29},"end":{"line":29,"column":41}},"loc":{"start":{"line":29,"column":41},"end":{"line":42,"column":null}},"line":29},"5":{"name":"(anonymous_5)","decl":{"start":{"line":33,"column":35},"end":{"line":33,"column":40}},"loc":{"start":{"line":33,"column":40},"end":{"line":33,"column":60}},"line":33},"6":{"name":"(anonymous_6)","decl":{"start":{"line":72,"column":60},"end":{"line":72,"column":61}},"loc":{"start":{"line":72,"column":67},"end":{"line":72,"column":103}},"line":72},"7":{"name":"(anonymous_7)","decl":{"start":{"line":73,"column":27},"end":{"line":73,"column":null}},"loc":{"start":{"line":74,"column":14},"end":{"line":74,"column":null}},"line":74}},"branchMap":{"0":{"loc":{"start":{"line":25,"column":34},"end":{"line":25,"column":57}},"type":"binary-expr","locations":[{"start":{"line":25,"column":34},"end":{"line":25,"column":55}},{"start":{"line":25,"column":55},"end":{"line":25,"column":57}}],"line":25},"1":{"loc":{"start":{"line":34,"column":46},"end":{"line":34,"column":83}},"type":"binary-expr","locations":[{"start":{"line":34,"column":46},"end":{"line":34,"column":62}},{"start":{"line":34,"column":62},"end":{"line":34,"column":74}},{"start":{"line":34,"column":74},"end":{"line":34,"column":83}}],"line":34},"2":{"loc":{"start":{"line":35,"column":6},"end":{"line":35,"column":null}},"type":"if","locations":[{"start":{"line":35,"column":6},"end":{"line":35,"column":null}},{"start":{},"end":{}}],"line":35},"3":{"loc":{"start":{"line":37,"column":18},"end":{"line":37,"column":null}},"type":"cond-expr","locations":[{"start":{"line":37,"column":44},"end":{"line":37,"column":58}},{"start":{"line":37,"column":58},"end":{"line":37,"column":null}}],"line":37},"4":{"loc":{"start":{"line":37,"column":58},"end":{"line":37,"column":null}},"type":"cond-expr","locations":[{"start":{"line":37,"column":81},"end":{"line":37,"column":95}},{"start":{"line":37,"column":95},"end":{"line":37,"column":null}}],"line":37},"5":{"loc":{"start":{"line":50,"column":7},"end":{"line":61,"column":null}},"type":"binary-expr","locations":[{"start":{"line":50,"column":7},"end":{"line":50,"column":null}},{"start":{"line":51,"column":8},"end":{"line":61,"column":null}}],"line":50},"6":{"loc":{"start":{"line":53,"column":22},"end":{"line":53,"column":null}},"type":"cond-expr","locations":[{"start":{"line":53,"column":48},"end":{"line":53,"column":74}},{"start":{"line":53,"column":74},"end":{"line":53,"column":null}}],"line":53},"7":{"loc":{"start":{"line":54,"column":31},"end":{"line":54,"column":103}},"type":"cond-expr","locations":[{"start":{"line":54,"column":57},"end":{"line":54,"column":82}},{"start":{"line":54,"column":82},"end":{"line":54,"column":103}}],"line":54},"8":{"loc":{"start":{"line":58,"column":17},"end":{"line":58,"column":null}},"type":"cond-expr","locations":[{"start":{"line":58,"column":43},"end":{"line":58,"column":62}},{"start":{"line":58,"column":62},"end":{"line":58,"column":null}}],"line":58},"9":{"loc":{"start":{"line":74,"column":53},"end":{"line":74,"column":103}},"type":"cond-expr","locations":[{"start":{"line":74,"column":66},"end":{"line":74,"column":83}},{"start":{"line":74,"column":83},"end":{"line":74,"column":103}}],"line":74},"10":{"loc":{"start":{"line":74,"column":83},"end":{"line":74,"column":103}},"type":"binary-expr","locations":[{"start":{"line":74,"column":83},"end":{"line":74,"column":94}},{"start":{"line":74,"column":94},"end":{"line":74,"column":103}}],"line":74},"11":{"loc":{"start":{"line":78,"column":13},"end":{"line":78,"column":null}},"type":"cond-expr","locations":[{"start":{"line":78,"column":22},"end":{"line":78,"column":42}},{"start":{"line":78,"column":42},"end":{"line":78,"column":null}}],"line":78}},"s":{"0":0,"1":0,"2":0,"3":0,"4":0,"5":0,"6":0,"7":0,"8":0,"9":0,"10":0,"11":0,"12":0,"13":0,"14":0,"15":0,"16":0,"17":0,"18":0,"19":0,"20":0,"21":0,"22":0,"23":0,"24":0},"f":{"0":0,"1":0,"2":0,"3":0,"4":0,"5":0,"6":0,"7":0},"b":{"0":[0,0],"1":[0,0,0],"2":[0,0],"3":[0,0],"4":[0,0],"5":[0,0],"6":[0,0],"7":[0,0],"8":[0,0],"9":[0,0],"10":[0,0],"11":[0,0]},"meta":{"lastBranch":12,"lastFunction":8,"lastStatement":25,"seen":{"s:8:74:14:Infinity":0,"f:16:24:16:39":0,"s:17:12:17:Infinity":1,"s:18:2:18:Infinity":2,"s:19:30:19:Infinity":3,"s:20:26:20:Infinity":4,"s:21:28:21:Infinity":5,"s:23:2:27:Infinity":6,"f:23:12:23:18":1,"s:24:4:26:Infinity":7,"f:25:12:25:13":2,"s:25:22:25:58":8,"b:25:34:25:55:25:55:25:57":0,"f:26:13:26:19":3,"s:26:19:26:52":9,"s:29:29:42:Infinity":10,"f:29:29:29:41":4,"s:30:4:30:Infinity":11,"s:31:4:41:Infinity":12,"s:32:19:32:Infinity":13,"s:33:20:33:Infinity":14,"f:33:35:33:40":5,"s:33:40:33:60":15,"s:34:6:34:Infinity":16,"b:34:46:34:62:34:62:34:74:34:74:34:83":1,"b:35:6:35:Infinity:undefined:undefined:undefined:undefined":2,"s:35:6:35:Infinity":17,"s:35:43:35:Infinity":18,"s:37:18:37:Infinity":19,"b:37:44:37:58:37:58:37:Infinity":3,"b:37:81:37:95:37:95:37:Infinity":4,"s:38:6:38:Infinity":20,"s:40:6:40:Infinity":21,"s:44:2:82:Infinity":22,"b:50:7:50:Infinity:51:8:61:Infinity":5,"b:53:48:53:74:53:74:53:Infinity":6,"b:54:57:54:82:54:82:54:103":7,"b:58:43:58:62:58:62:58:Infinity":8,"f:72:60:72:61":6,"s:72:67:72:103":23,"f:73:27:73:Infinity":7,"s:74:14:74:Infinity":24,"b:74:66:74:83:74:83:74:103":9,"b:74:83:74:94:74:94:74:103":10,"b:78:22:78:42:78:42:78:Infinity":11},"fnNames":{}}}
,"/Users/alvaro/projects/github.com/HelpingPeopleNow/frontend/src/AdminPage.tsx": {"path":"/Users/alvaro/projects/github.com/HelpingPeopleNow/frontend/src/AdminPage.tsx","statementMap":{"0":{"start":{"line":6,"column":12},"end":{"line":6,"column":null}},"1":{"start":{"line":7,"column":2},"end":{"line":7,"column":null}},"2":{"start":{"line":9,"column":2},"end":{"line":86,"column":null}}},"fnMap":{"0":{"name":"AdminPage","decl":{"start":{"line":5,"column":24},"end":{"line":5,"column":36}},"loc":{"start":{"line":5,"column":36},"end":{"line":88,"column":null}},"line":5}},"branchMap":{},"s":{"0":0,"1":0,"2":0},"f":{"0":0},"b":{},"meta":{"lastBranch":0,"lastFunction":1,"lastStatement":3,"seen":{"f:5:24:5:36":0,"s:6:12:6:Infinity":0,"s:7:2:7:Infinity":1,"s:9:2:86:Infinity":2},"fnNames":{}}}
,"/Users/alvaro/projects/github.com/HelpingPeopleNow/frontend/src/AdminPromptsPage.tsx": {"path":"/Users/alvaro/projects/github.com/HelpingPeopleNow/frontend/src/AdminPromptsPage.tsx","statementMap":{"0":{"start":{"line":8,"column":19},"end":{"line":13,"column":null}},"1":{"start":{"line":16,"column":12},"end":{"line":16,"column":null}},"2":{"start":{"line":17,"column":2},"end":{"line":17,"column":null}},"3":{"start":{"line":18,"column":28},"end":{"line":18,"column":null}},"4":{"start":{"line":19,"column":28},"end":{"line":19,"column":null}},"5":{"start":{"line":20,"column":26},"end":{"line":20,"column":null}},"6":{"start":{"line":21,"column":28},"end":{"line":21,"column":null}},"7":{"start":{"line":23,"column":2},"end":{"line":35,"column":null}},"8":{"start":{"line":24,"column":4},"end":{"line":34,"column":null}},"9":{"start":{"line":26,"column":8},"end":{"line":26,"column":null}},"10":{"start":{"line":27,"column":8},"end":{"line":32,"column":null}},"11":{"start":{"line":34,"column":19},"end":{"line":34,"column":52}},"12":{"start":{"line":37,"column":21},"end":{"line":48,"column":null}},"13":{"start":{"line":38,"column":4},"end":{"line":38,"column":null}},"14":{"start":{"line":39,"column":4},"end":{"line":47,"column":null}},"15":{"start":{"line":40,"column":6},"end":{"line":40,"column":null}},"16":{"start":{"line":41,"column":6},"end":{"line":41,"column":null}},"17":{"start":{"line":43,"column":18},"end":{"line":43,"column":null}},"18":{"start":{"line":44,"column":6},"end":{"line":44,"column":null}},"19":{"start":{"line":46,"column":6},"end":{"line":46,"column":null}},"20":{"start":{"line":50,"column":19},"end":{"line":58,"column":null}},"21":{"start":{"line":51,"column":40},"end":{"line":56,"column":null}},"22":{"start":{"line":57,"column":4},"end":{"line":57,"column":null}},"23":{"start":{"line":60,"column":2},"end":{"line":107,"column":null}},"24":{"start":{"line":85,"column":12},"end":{"line":103,"column":null}},"25":{"start":{"line":95,"column":33},"end":{"line":95,"column":null}},"26":{"start":{"line":99,"column":70},"end":{"line":99,"column":87}}},"fnMap":{"0":{"name":"AdminPromptsPage","decl":{"start":{"line":15,"column":24},"end":{"line":15,"column":43}},"loc":{"start":{"line":15,"column":43},"end":{"line":109,"column":null}},"line":15},"1":{"name":"(anonymous_1)","decl":{"start":{"line":23,"column":12},"end":{"line":23,"column":18}},"loc":{"start":{"line":23,"column":18},"end":{"line":35,"column":5}},"line":23},"2":{"name":"(anonymous_2)","decl":{"start":{"line":25,"column":12},"end":{"line":25,"column":13}},"loc":{"start":{"line":25,"column":22},"end":{"line":33,"column":7}},"line":25},"3":{"name":"(anonymous_3)","decl":{"start":{"line":34,"column":13},"end":{"line":34,"column":19}},"loc":{"start":{"line":34,"column":19},"end":{"line":34,"column":52}},"line":34},"4":{"name":"(anonymous_4)","decl":{"start":{"line":37,"column":21},"end":{"line":37,"column":28}},"loc":{"start":{"line":37,"column":44},"end":{"line":48,"column":null}},"line":37},"5":{"name":"(anonymous_5)","decl":{"start":{"line":50,"column":19},"end":{"line":50,"column":20}},"loc":{"start":{"line":50,"column":36},"end":{"line":58,"column":null}},"line":50},"6":{"name":"(anonymous_6)","decl":{"start":{"line":84,"column":26},"end":{"line":84,"column":27}},"loc":{"start":{"line":85,"column":12},"end":{"line":103,"column":null}},"line":85},"7":{"name":"(anonymous_7)","decl":{"start":{"line":95,"column":26},"end":{"line":95,"column":27}},"loc":{"start":{"line":95,"column":33},"end":{"line":95,"column":null}},"line":95},"8":{"name":"(anonymous_8)","decl":{"start":{"line":99,"column":64},"end":{"line":99,"column":70}},"loc":{"start":{"line":99,"column":70},"end":{"line":99,"column":87}},"line":99}},"branchMap":{"0":{"loc":{"start":{"line":28,"column":33},"end":{"line":28,"column":null}},"type":"binary-expr","locations":[{"start":{"line":28,"column":33},"end":{"line":28,"column":63}},{"start":{"line":28,"column":63},"end":{"line":28,"column":null}}],"line":28},"1":{"loc":{"start":{"line":29,"column":33},"end":{"line":29,"column":null}},"type":"binary-expr","locations":[{"start":{"line":29,"column":33},"end":{"line":29,"column":63}},{"start":{"line":29,"column":63},"end":{"line":29,"column":null}}],"line":29},"2":{"loc":{"start":{"line":30,"column":37},"end":{"line":30,"column":null}},"type":"binary-expr","locations":[{"start":{"line":30,"column":37},"end":{"line":30,"column":71}},{"start":{"line":30,"column":71},"end":{"line":30,"column":null}}],"line":30},"3":{"loc":{"start":{"line":31,"column":43},"end":{"line":31,"column":null}},"type":"binary-expr","locations":[{"start":{"line":31,"column":43},"end":{"line":31,"column":83}},{"start":{"line":31,"column":83},"end":{"line":31,"column":null}}],"line":31},"4":{"loc":{"start":{"line":40,"column":65},"end":{"line":40,"column":83}},"type":"binary-expr","locations":[{"start":{"line":40,"column":65},"end":{"line":40,"column":81}},{"start":{"line":40,"column":81},"end":{"line":40,"column":83}}],"line":40},"5":{"loc":{"start":{"line":43,"column":18},"end":{"line":43,"column":null}},"type":"cond-expr","locations":[{"start":{"line":43,"column":44},"end":{"line":43,"column":58}},{"start":{"line":43,"column":58},"end":{"line":43,"column":null}}],"line":43},"6":{"loc":{"start":{"line":43,"column":58},"end":{"line":43,"column":null}},"type":"cond-expr","locations":[{"start":{"line":43,"column":81},"end":{"line":43,"column":95}},{"start":{"line":43,"column":95},"end":{"line":43,"column":null}}],"line":43},"7":{"loc":{"start":{"line":57,"column":11},"end":{"line":57,"column":null}},"type":"cond-expr","locations":[{"start":{"line":57,"column":22},"end":{"line":57,"column":36}},{"start":{"line":57,"column":36},"end":{"line":57,"column":null}}],"line":57},"8":{"loc":{"start":{"line":66,"column":7},"end":{"line":77,"column":null}},"type":"binary-expr","locations":[{"start":{"line":66,"column":7},"end":{"line":66,"column":null}},{"start":{"line":67,"column":8},"end":{"line":77,"column":null}}],"line":66},"9":{"loc":{"start":{"line":69,"column":22},"end":{"line":69,"column":null}},"type":"cond-expr","locations":[{"start":{"line":69,"column":48},"end":{"line":69,"column":74}},{"start":{"line":69,"column":74},"end":{"line":69,"column":null}}],"line":69},"10":{"loc":{"start":{"line":70,"column":31},"end":{"line":70,"column":103}},"type":"cond-expr","locations":[{"start":{"line":70,"column":57},"end":{"line":70,"column":82}},{"start":{"line":70,"column":82},"end":{"line":70,"column":103}}],"line":70},"11":{"loc":{"start":{"line":74,"column":17},"end":{"line":74,"column":null}},"type":"cond-expr","locations":[{"start":{"line":74,"column":43},"end":{"line":74,"column":62}},{"start":{"line":74,"column":62},"end":{"line":74,"column":null}}],"line":74},"12":{"loc":{"start":{"line":80,"column":7},"end":{"line":105,"column":null}},"type":"cond-expr","locations":[{"start":{"line":81,"column":8},"end":{"line":81,"column":null}},{"start":{"line":83,"column":8},"end":{"line":105,"column":null}}],"line":80},"13":{"loc":{"start":{"line":94,"column":23},"end":{"line":94,"column":null}},"type":"binary-expr","locations":[{"start":{"line":94,"column":23},"end":{"line":94,"column":39}},{"start":{"line":94,"column":39},"end":{"line":94,"column":null}}],"line":94},"14":{"loc":{"start":{"line":100,"column":19},"end":{"line":100,"column":null}},"type":"cond-expr","locations":[{"start":{"line":100,"column":36},"end":{"line":100,"column":56}},{"start":{"line":100,"column":56},"end":{"line":100,"column":null}}],"line":100}},"s":{"0":0,"1":0,"2":0,"3":0,"4":0,"5":0,"6":0,"7":0,"8":0,"9":0,"10":0,"11":0,"12":0,"13":0,"14":0,"15":0,"16":0,"17":0,"18":0,"19":0,"20":0,"21":0,"22":0,"23":0,"24":0,"25":0,"26":0},"f":{"0":0,"1":0,"2":0,"3":0,"4":0,"5":0,"6":0,"7":0,"8":0},"b":{"0":[0,0],"1":[0,0],"2":[0,0],"3":[0,0],"4":[0,0],"5":[0,0],"6":[0,0],"7":[0,0],"8":[0,0],"9":[0,0],"10":[0,0],"11":[0,0],"12":[0,0],"13":[0,0],"14":[0,0]},"meta":{"lastBranch":15,"lastFunction":9,"lastStatement":27,"seen":{"s:8:19:13:Infinity":0,"f:15:24:15:43":0,"s:16:12:16:Infinity":1,"s:17:2:17:Infinity":2,"s:18:28:18:Infinity":3,"s:19:28:19:Infinity":4,"s:20:26:20:Infinity":5,"s:21:28:21:Infinity":6,"s:23:2:35:Infinity":7,"f:23:12:23:18":1,"s:24:4:34:Infinity":8,"f:25:12:25:13":2,"s:26:8:26:Infinity":9,"s:27:8:32:Infinity":10,"b:28:33:28:63:28:63:28:Infinity":0,"b:29:33:29:63:29:63:29:Infinity":1,"b:30:37:30:71:30:71:30:Infinity":2,"b:31:43:31:83:31:83:31:Infinity":3,"f:34:13:34:19":3,"s:34:19:34:52":11,"s:37:21:48:Infinity":12,"f:37:21:37:28":4,"s:38:4:38:Infinity":13,"s:39:4:47:Infinity":14,"s:40:6:40:Infinity":15,"b:40:65:40:81:40:81:40:83":4,"s:41:6:41:Infinity":16,"s:43:18:43:Infinity":17,"b:43:44:43:58:43:58:43:Infinity":5,"b:43:81:43:95:43:95:43:Infinity":6,"s:44:6:44:Infinity":18,"s:46:6:46:Infinity":19,"s:50:19:58:Infinity":20,"f:50:19:50:20":5,"s:51:40:56:Infinity":21,"s:57:4:57:Infinity":22,"b:57:22:57:36:57:36:57:Infinity":7,"s:60:2:107:Infinity":23,"b:66:7:66:Infinity:67:8:77:Infinity":8,"b:69:48:69:74:69:74:69:Infinity":9,"b:70:57:70:82:70:82:70:103":10,"b:74:43:74:62:74:62:74:Infinity":11,"b:81:8:81:Infinity:83:8:105:Infinity":12,"f:84:26:84:27":6,"s:85:12:103:Infinity":24,"b:94:23:94:39:94:39:94:Infinity":13,"f:95:26:95:27":7,"s:95:33:95:Infinity":25,"f:99:64:99:70":8,"s:99:70:99:87":26,"b:100:36:100:56:100:56:100:Infinity":14},"fnNames":{}}}
,"/Users/alvaro/projects/github.com/HelpingPeopleNow/frontend/src/App.tsx": {"path":"/Users/alvaro/projects/github.com/HelpingPeopleNow/frontend/src/App.tsx","statementMap":{"0":{"start":{"line":29,"column":27},"end":{"line":29,"column":null}},"1":{"start":{"line":30,"column":2},"end":{"line":34,"column":null}},"2":{"start":{"line":31,"column":4},"end":{"line":33,"column":null}},"3":{"start":{"line":32,"column":6},"end":{"line":32,"column":null}},"4":{"start":{"line":35,"column":2},"end":{"line":35,"column":null}},"5":{"start":{"line":35,"column":15},"end":{"line":35,"column":null}},"6":{"start":{"line":36,"column":2},"end":{"line":36,"column":null}},"7":{"start":{"line":36,"column":16},"end":{"line":36,"column":null}},"8":{"start":{"line":37,"column":2},"end":{"line":37,"column":null}},"9":{"start":{"line":41,"column":18},"end":{"line":41,"column":null}},"10":{"start":{"line":43,"column":2},"end":{"line":45,"column":null}},"11":{"start":{"line":44,"column":4},"end":{"line":44,"column":null}},"12":{"start":{"line":47,"column":2},"end":{"line":84,"column":null}},"13":{"start":{"line":50,"column":62},"end":{"line":50,"column":86}},"14":{"start":{"line":51,"column":64},"end":{"line":51,"column":88}},"15":{"start":{"line":52,"column":43},"end":{"line":52,"column":115}},"16":{"start":{"line":53,"column":43},"end":{"line":53,"column":115}},"17":{"start":{"line":56,"column":44},"end":{"line":56,"column":117}},"18":{"start":{"line":57,"column":82},"end":{"line":57,"column":179}},"19":{"start":{"line":58,"column":90},"end":{"line":58,"column":191}},"20":{"start":{"line":61,"column":44},"end":{"line":61,"column":117}},"21":{"start":{"line":62,"column":48},"end":{"line":62,"column":124}},"22":{"start":{"line":63,"column":52},"end":{"line":63,"column":132}},"23":{"start":{"line":66,"column":50},"end":{"line":66,"column":123}},"24":{"start":{"line":67,"column":76},"end":{"line":67,"column":162}},"25":{"start":{"line":70,"column":60},"end":{"line":70,"column":135}},"26":{"start":{"line":71,"column":86},"end":{"line":71,"column":174}},"27":{"start":{"line":74,"column":60},"end":{"line":74,"column":135}},"28":{"start":{"line":75,"column":86},"end":{"line":75,"column":174}},"29":{"start":{"line":78,"column":58},"end":{"line":78,"column":139}},"30":{"start":{"line":79,"column":84},"end":{"line":79,"column":178}},"31":{"start":{"line":82,"column":53},"end":{"line":82,"column":129}},"32":{"start":{"line":83,"column":79},"end":{"line":83,"column":168}},"33":{"start":{"line":89,"column":2},"end":{"line":92,"column":null}}},"fnMap":{"0":{"name":"ProtectedRoute","decl":{"start":{"line":28,"column":9},"end":{"line":28,"column":24}},"loc":{"start":{"line":28,"column":65},"end":{"line":38,"column":null}},"line":28},"1":{"name":"(anonymous_1)","decl":{"start":{"line":30,"column":12},"end":{"line":30,"column":18}},"loc":{"start":{"line":30,"column":18},"end":{"line":34,"column":5}},"line":30},"2":{"name":"AppRouter","decl":{"start":{"line":40,"column":9},"end":{"line":40,"column":21}},"loc":{"start":{"line":40,"column":21},"end":{"line":86,"column":null}},"line":40},"3":{"name":"(anonymous_3)","decl":{"start":{"line":50,"column":61},"end":{"line":50,"column":62}},"loc":{"start":{"line":50,"column":62},"end":{"line":50,"column":86}},"line":50},"4":{"name":"(anonymous_4)","decl":{"start":{"line":51,"column":63},"end":{"line":51,"column":64}},"loc":{"start":{"line":51,"column":64},"end":{"line":51,"column":88}},"line":51},"5":{"name":"(anonymous_5)","decl":{"start":{"line":52,"column":37},"end":{"line":52,"column":43}},"loc":{"start":{"line":52,"column":43},"end":{"line":52,"column":115}},"line":52},"6":{"name":"(anonymous_6)","decl":{"start":{"line":53,"column":37},"end":{"line":53,"column":43}},"loc":{"start":{"line":53,"column":43},"end":{"line":53,"column":115}},"line":53},"7":{"name":"(anonymous_7)","decl":{"start":{"line":56,"column":38},"end":{"line":56,"column":44}},"loc":{"start":{"line":56,"column":44},"end":{"line":56,"column":117}},"line":56},"8":{"name":"(anonymous_8)","decl":{"start":{"line":57,"column":46},"end":{"line":57,"column":47}},"loc":{"start":{"line":57,"column":82},"end":{"line":57,"column":179}},"line":57},"9":{"name":"(anonymous_9)","decl":{"start":{"line":58,"column":50},"end":{"line":58,"column":51}},"loc":{"start":{"line":58,"column":90},"end":{"line":58,"column":191}},"line":58},"10":{"name":"(anonymous_10)","decl":{"start":{"line":61,"column":38},"end":{"line":61,"column":44}},"loc":{"start":{"line":61,"column":44},"end":{"line":61,"column":117}},"line":61},"11":{"name":"(anonymous_11)","decl":{"start":{"line":62,"column":42},"end":{"line":62,"column":48}},"loc":{"start":{"line":62,"column":48},"end":{"line":62,"column":124}},"line":62},"12":{"name":"(anonymous_12)","decl":{"start":{"line":63,"column":46},"end":{"line":63,"column":52}},"loc":{"start":{"line":63,"column":52},"end":{"line":63,"column":132}},"line":63},"13":{"name":"(anonymous_13)","decl":{"start":{"line":66,"column":44},"end":{"line":66,"column":50}},"loc":{"start":{"line":66,"column":50},"end":{"line":66,"column":123}},"line":66},"14":{"name":"(anonymous_14)","decl":{"start":{"line":67,"column":48},"end":{"line":67,"column":49}},"loc":{"start":{"line":67,"column":76},"end":{"line":67,"column":162}},"line":67},"15":{"name":"(anonymous_15)","decl":{"start":{"line":70,"column":54},"end":{"line":70,"column":60}},"loc":{"start":{"line":70,"column":60},"end":{"line":70,"column":135}},"line":70},"16":{"name":"(anonymous_16)","decl":{"start":{"line":71,"column":58},"end":{"line":71,"column":59}},"loc":{"start":{"line":71,"column":86},"end":{"line":71,"column":174}},"line":71},"17":{"name":"(anonymous_17)","decl":{"start":{"line":74,"column":54},"end":{"line":74,"column":60}},"loc":{"start":{"line":74,"column":60},"end":{"line":74,"column":135}},"line":74},"18":{"name":"(anonymous_18)","decl":{"start":{"line":75,"column":58},"end":{"line":75,"column":59}},"loc":{"start":{"line":75,"column":86},"end":{"line":75,"column":174}},"line":75},"19":{"name":"(anonymous_19)","decl":{"start":{"line":78,"column":52},"end":{"line":78,"column":58}},"loc":{"start":{"line":78,"column":58},"end":{"line":78,"column":139}},"line":78},"20":{"name":"(anonymous_20)","decl":{"start":{"line":79,"column":56},"end":{"line":79,"column":57}},"loc":{"start":{"line":79,"column":84},"end":{"line":79,"column":178}},"line":79},"21":{"name":"(anonymous_21)","decl":{"start":{"line":82,"column":47},"end":{"line":82,"column":53}},"loc":{"start":{"line":82,"column":53},"end":{"line":82,"column":129}},"line":82},"22":{"name":"(anonymous_22)","decl":{"start":{"line":83,"column":51},"end":{"line":83,"column":52}},"loc":{"start":{"line":83,"column":79},"end":{"line":83,"column":168}},"line":83},"23":{"name":"App","decl":{"start":{"line":88,"column":24},"end":{"line":88,"column":30}},"loc":{"start":{"line":88,"column":30},"end":{"line":94,"column":null}},"line":88}},"branchMap":{"0":{"loc":{"start":{"line":31,"column":4},"end":{"line":33,"column":null}},"type":"if","locations":[{"start":{"line":31,"column":4},"end":{"line":33,"column":null}},{"start":{},"end":{}}],"line":31},"1":{"loc":{"start":{"line":31,"column":8},"end":{"line":31,"column":30}},"type":"binary-expr","locations":[{"start":{"line":31,"column":8},"end":{"line":31,"column":20}},{"start":{"line":31,"column":20},"end":{"line":31,"column":30}}],"line":31},"2":{"loc":{"start":{"line":35,"column":2},"end":{"line":35,"column":null}},"type":"if","locations":[{"start":{"line":35,"column":2},"end":{"line":35,"column":null}},{"start":{},"end":{}}],"line":35},"3":{"loc":{"start":{"line":36,"column":2},"end":{"line":36,"column":null}},"type":"if","locations":[{"start":{"line":36,"column":2},"end":{"line":36,"column":null}},{"start":{},"end":{}}],"line":36},"4":{"loc":{"start":{"line":43,"column":2},"end":{"line":45,"column":null}},"type":"if","locations":[{"start":{"line":43,"column":2},"end":{"line":45,"column":null}},{"start":{},"end":{}}],"line":43}},"s":{"0":0,"1":0,"2":0,"3":0,"4":0,"5":0,"6":0,"7":0,"8":0,"9":0,"10":0,"11":0,"12":0,"13":0,"14":0,"15":0,"16":0,"17":0,"18":0,"19":0,"20":0,"21":0,"22":0,"23":0,"24":0,"25":0,"26":0,"27":0,"28":0,"29":0,"30":0,"31":0,"32":0,"33":0},"f":{"0":0,"1":0,"2":0,"3":0,"4":0,"5":0,"6":0,"7":0,"8":0,"9":0,"10":0,"11":0,"12":0,"13":0,"14":0,"15":0,"16":0,"17":0,"18":0,"19":0,"20":0,"21":0,"22":0,"23":0},"b":{"0":[0,0],"1":[0,0],"2":[0,0],"3":[0,0],"4":[0,0]},"meta":{"lastBranch":5,"lastFunction":24,"lastStatement":34,"seen":{"f:28:9:28:24":0,"s:29:27:29:Infinity":0,"s:30:2:34:Infinity":1,"f:30:12:30:18":1,"b:31:4:33:Infinity:undefined:undefined:undefined:undefined":0,"s:31:4:33:Infinity":2,"b:31:8:31:20:31:20:31:30":1,"s:32:6:32:Infinity":3,"b:35:2:35:Infinity:undefined:undefined:undefined:undefined":2,"s:35:2:35:Infinity":4,"s:35:15:35:Infinity":5,"b:36:2:36:Infinity:undefined:undefined:undefined:undefined":3,"s:36:2:36:Infinity":6,"s:36:16:36:Infinity":7,"s:37:2:37:Infinity":8,"f:40:9:40:21":2,"s:41:18:41:Infinity":9,"b:43:2:45:Infinity:undefined:undefined:undefined:undefined":4,"s:43:2:45:Infinity":10,"s:44:4:44:Infinity":11,"s:47:2:84:Infinity":12,"f:50:61:50:62":3,"s:50:62:50:86":13,"f:51:63:51:64":4,"s:51:64:51:88":14,"f:52:37:52:43":5,"s:52:43:52:115":15,"f:53:37:53:43":6,"s:53:43:53:115":16,"f:56:38:56:44":7,"s:56:44:56:117":17,"f:57:46:57:47":8,"s:57:82:57:179":18,"f:58:50:58:51":9,"s:58:90:58:191":19,"f:61:38:61:44":10,"s:61:44:61:117":20,"f:62:42:62:48":11,"s:62:48:62:124":21,"f:63:46:63:52":12,"s:63:52:63:132":22,"f:66:44:66:50":13,"s:66:50:66:123":23,"f:67:48:67:49":14,"s:67:76:67:162":24,"f:70:54:70:60":15,"s:70:60:70:135":25,"f:71:58:71:59":16,"s:71:86:71:174":26,"f:74:54:74:60":17,"s:74:60:74:135":27,"f:75:58:75:59":18,"s:75:86:75:174":28,"f:78:52:78:58":19,"s:78:58:78:139":29,"f:79:56:79:57":20,"s:79:84:79:178":30,"f:82:47:82:53":21,"s:82:53:82:129":31,"f:83:51:83:52":22,"s:83:79:83:168":32,"f:88:24:88:30":23,"s:89:2:92:Infinity":33},"fnNames":{}}}
,"/Users/alvaro/projects/github.com/HelpingPeopleNow/frontend/src/AppShell.tsx": {"path":"/Users/alvaro/projects/github.com/HelpingPeopleNow/frontend/src/AppShell.tsx","statementMap":{"0":{"start":{"line":15,"column":26},"end":{"line":15,"column":null}},"1":{"start":{"line":16,"column":12},"end":{"line":16,"column":null}},"2":{"start":{"line":17,"column":36},"end":{"line":17,"column":null}},"3":{"start":{"line":18,"column":8},"end":{"line":18,"column":null}},"4":{"start":{"line":18,"column":45},"end":{"line":18,"column":58}},"5":{"start":{"line":20,"column":19},"end":{"line":25,"column":null}},"6":{"start":{"line":27,"column":8},"end":{"line":27,"column":null}},"7":{"start":{"line":29,"column":20},"end":{"line":32,"column":null}},"8":{"start":{"line":30,"column":4},"end":{"line":30,"column":null}},"9":{"start":{"line":31,"column":4},"end":{"line":31,"column":null}},"10":{"start":{"line":34,"column":23},"end":{"line":37,"column":null}},"11":{"start":{"line":35,"column":4},"end":{"line":35,"column":null}},"12":{"start":{"line":36,"column":4},"end":{"line":36,"column":null}},"13":{"start":{"line":39,"column":2},"end":{"line":113,"column":null}},"14":{"start":{"line":44,"column":23},"end":{"line":44,"column":null}},"15":{"start":{"line":50,"column":54},"end":{"line":50,"column":null}},"16":{"start":{"line":59,"column":12},"end":{"line":69,"column":null}},"17":{"start":{"line":62,"column":29},"end":{"line":62,"column":null}},"18":{"start":{"line":91,"column":44},"end":{"line":91,"column":null}},"19":{"start":{"line":96,"column":51},"end":{"line":96,"column":null}}},"fnMap":{"0":{"name":"AppShell","decl":{"start":{"line":14,"column":24},"end":{"line":14,"column":33}},"loc":{"start":{"line":14,"column":82},"end":{"line":115,"column":null}},"line":14},"1":{"name":"(anonymous_1)","decl":{"start":{"line":18,"column":40},"end":{"line":18,"column":45}},"loc":{"start":{"line":18,"column":45},"end":{"line":18,"column":58}},"line":18},"2":{"name":"(anonymous_2)","decl":{"start":{"line":29,"column":20},"end":{"line":29,"column":21}},"loc":{"start":{"line":29,"column":38},"end":{"line":32,"column":null}},"line":29},"3":{"name":"(anonymous_3)","decl":{"start":{"line":34,"column":23},"end":{"line":34,"column":35}},"loc":{"start":{"line":34,"column":35},"end":{"line":37,"column":null}},"line":34},"4":{"name":"(anonymous_4)","decl":{"start":{"line":44,"column":17},"end":{"line":44,"column":23}},"loc":{"start":{"line":44,"column":23},"end":{"line":44,"column":null}},"line":44},"5":{"name":"(anonymous_5)","decl":{"start":{"line":50,"column":48},"end":{"line":50,"column":54}},"loc":{"start":{"line":50,"column":54},"end":{"line":50,"column":null}},"line":50},"6":{"name":"(anonymous_6)","decl":{"start":{"line":58,"column":24},"end":{"line":58,"column":null}},"loc":{"start":{"line":59,"column":12},"end":{"line":69,"column":null}},"line":59},"7":{"name":"(anonymous_7)","decl":{"start":{"line":62,"column":23},"end":{"line":62,"column":29}},"loc":{"start":{"line":62,"column":29},"end":{"line":62,"column":null}},"line":62},"8":{"name":"(anonymous_8)","decl":{"start":{"line":91,"column":38},"end":{"line":91,"column":44}},"loc":{"start":{"line":91,"column":44},"end":{"line":91,"column":null}},"line":91},"9":{"name":"(anonymous_9)","decl":{"start":{"line":96,"column":45},"end":{"line":96,"column":51}},"loc":{"start":{"line":96,"column":51},"end":{"line":96,"column":null}},"line":96}},"branchMap":{"0":{"loc":{"start":{"line":27,"column":23},"end":{"line":27,"column":75}},"type":"binary-expr","locations":[{"start":{"line":27,"column":23},"end":{"line":27,"column":46}},{"start":{"line":27,"column":46},"end":{"line":27,"column":70}},{"start":{"line":27,"column":70},"end":{"line":27,"column":75}}],"line":27},"1":{"loc":{"start":{"line":43,"column":34},"end":{"line":43,"column":62}},"type":"cond-expr","locations":[{"start":{"line":43,"column":48},"end":{"line":43,"column":60}},{"start":{"line":43,"column":60},"end":{"line":43,"column":62}}],"line":43},"2":{"loc":{"start":{"line":48,"column":31},"end":{"line":48,"column":56}},"type":"cond-expr","locations":[{"start":{"line":48,"column":45},"end":{"line":48,"column":54}},{"start":{"line":48,"column":54},"end":{"line":48,"column":56}}],"line":48},"3":{"loc":{"start":{"line":61,"column":37},"end":{"line":61,"column":78}},"type":"cond-expr","locations":[{"start":{"line":61,"column":65},"end":{"line":61,"column":76}},{"start":{"line":61,"column":76},"end":{"line":61,"column":78}}],"line":61},"4":{"loc":{"start":{"line":65,"column":46},"end":{"line":67,"column":null}},"type":"binary-expr","locations":[{"start":{"line":65,"column":46},"end":{"line":66,"column":null}},{"start":{"line":67,"column":16},"end":{"line":67,"column":null}}],"line":65},"5":{"loc":{"start":{"line":66,"column":16},"end":{"line":66,"column":64}},"type":"cond-expr","locations":[{"start":{"line":66,"column":35},"end":{"line":66,"column":59}},{"start":{"line":66,"column":59},"end":{"line":66,"column":64}}],"line":66},"6":{"loc":{"start":{"line":77,"column":46},"end":{"line":77,"column":90}},"type":"binary-expr","locations":[{"start":{"line":77,"column":46},"end":{"line":77,"column":69}},{"start":{"line":77,"column":69},"end":{"line":77,"column":90}}],"line":77},"7":{"loc":{"start":{"line":97,"column":13},"end":{"line":97,"column":null}},"type":"cond-expr","locations":[{"start":{"line":97,"column":27},"end":{"line":97,"column":33}},{"start":{"line":97,"column":33},"end":{"line":97,"column":null}}],"line":97}},"s":{"0":0,"1":0,"2":0,"3":0,"4":0,"5":0,"6":0,"7":0,"8":0,"9":0,"10":0,"11":0,"12":0,"13":0,"14":0,"15":0,"16":0,"17":0,"18":0,"19":0},"f":{"0":0,"1":0,"2":0,"3":0,"4":0,"5":0,"6":0,"7":0,"8":0,"9":0},"b":{"0":[0,0,0],"1":[0,0],"2":[0,0],"3":[0,0],"4":[0,0],"5":[0,0],"6":[0,0],"7":[0,0]},"meta":{"lastBranch":8,"lastFunction":10,"lastStatement":20,"seen":{"f:14:24:14:33":0,"s:15:26:15:Infinity":0,"s:16:12:16:Infinity":1,"s:17:36:17:Infinity":2,"s:18:8:18:Infinity":3,"f:18:40:18:45":1,"s:18:45:18:58":4,"s:20:19:25:Infinity":5,"s:27:8:27:Infinity":6,"b:27:23:27:46:27:46:27:70:27:70:27:75":0,"s:29:20:32:Infinity":7,"f:29:20:29:21":2,"s:30:4:30:Infinity":8,"s:31:4:31:Infinity":9,"s:34:23:37:Infinity":10,"f:34:23:34:35":3,"s:35:4:35:Infinity":11,"s:36:4:36:Infinity":12,"s:39:2:113:Infinity":13,"b:43:48:43:60:43:60:43:62":1,"f:44:17:44:23":4,"s:44:23:44:Infinity":14,"b:48:45:48:54:48:54:48:56":2,"f:50:48:50:54":5,"s:50:54:50:Infinity":15,"f:58:24:58:Infinity":6,"s:59:12:69:Infinity":16,"b:61:65:61:76:61:76:61:78":3,"f:62:23:62:29":7,"s:62:29:62:Infinity":17,"b:65:46:66:Infinity:67:16:67:Infinity":4,"b:66:35:66:59:66:59:66:64":5,"b:77:46:77:69:77:69:77:90":6,"f:91:38:91:44":8,"s:91:44:91:Infinity":18,"f:96:45:96:51":9,"s:96:51:96:Infinity":19,"b:97:27:97:33:97:33:97:Infinity":7},"fnNames":{}}}
,"/Users/alvaro/projects/github.com/HelpingPeopleNow/frontend/src/AuthProvider.tsx": {"path":"/Users/alvaro/projects/github.com/HelpingPeopleNow/frontend/src/AuthProvider.tsx","statementMap":{"0":{"start":{"line":14,"column":6},"end":{"line":20,"column":null}},"1":{"start":{"line":17,"column":24},"end":{"line":17,"column":null}},"2":{"start":{"line":19,"column":30},"end":{"line":19,"column":null}},"3":{"start":{"line":23,"column":28},"end":{"line":23,"column":null}},"4":{"start":{"line":24,"column":28},"end":{"line":24,"column":null}},"5":{"start":{"line":25,"column":15},"end":{"line":25,"column":null}},"6":{"start":{"line":28,"column":2},"end":{"line":33,"column":null}},"7":{"start":{"line":29,"column":4},"end":{"line":32,"column":null}},"8":{"start":{"line":30,"column":6},"end":{"line":30,"column":null}},"9":{"start":{"line":31,"column":6},"end":{"line":31,"column":null}},"10":{"start":{"line":35,"column":19},"end":{"line":38,"column":null}},"11":{"start":{"line":36,"column":4},"end":{"line":36,"column":null}},"12":{"start":{"line":37,"column":4},"end":{"line":37,"column":null}},"13":{"start":{"line":40,"column":26},"end":{"line":43,"column":null}},"14":{"start":{"line":41,"column":19},"end":{"line":41,"column":null}},"15":{"start":{"line":42,"column":4},"end":{"line":42,"column":null}},"16":{"start":{"line":45,"column":27},"end":{"line":49,"column":null}},"17":{"start":{"line":46,"column":14},"end":{"line":46,"column":null}},"18":{"start":{"line":47,"column":4},"end":{"line":47,"column":null}},"19":{"start":{"line":48,"column":4},"end":{"line":48,"column":null}},"20":{"start":{"line":51,"column":2},"end":{"line":54,"column":null}},"21":{"start":{"line":59,"column":2},"end":{"line":59,"column":null}}},"fnMap":{"0":{"name":"(anonymous_0)","decl":{"start":{"line":17,"column":17},"end":{"line":17,"column":24}},"loc":{"start":{"line":17,"column":24},"end":{"line":17,"column":null}},"line":17},"1":{"name":"(anonymous_1)","decl":{"start":{"line":19,"column":18},"end":{"line":19,"column":30}},"loc":{"start":{"line":19,"column":30},"end":{"line":19,"column":null}},"line":19},"2":{"name":"AuthProvider","decl":{"start":{"line":22,"column":16},"end":{"line":22,"column":29}},"loc":{"start":{"line":22,"column":72},"end":{"line":56,"column":null}},"line":22},"3":{"name":"(anonymous_3)","decl":{"start":{"line":28,"column":12},"end":{"line":28,"column":18}},"loc":{"start":{"line":28,"column":18},"end":{"line":33,"column":5}},"line":28},"4":{"name":"(anonymous_4)","decl":{"start":{"line":29,"column":22},"end":{"line":29,"column":23}},"loc":{"start":{"line":29,"column":29},"end":{"line":32,"column":5}},"line":29},"5":{"name":"(anonymous_5)","decl":{"start":{"line":35,"column":19},"end":{"line":35,"column":31}},"loc":{"start":{"line":35,"column":31},"end":{"line":38,"column":null}},"line":35},"6":{"name":"(anonymous_6)","decl":{"start":{"line":40,"column":26},"end":{"line":40,"column":33}},"loc":{"start":{"line":40,"column":51},"end":{"line":43,"column":null}},"line":40},"7":{"name":"(anonymous_7)","decl":{"start":{"line":45,"column":27},"end":{"line":45,"column":39}},"loc":{"start":{"line":45,"column":39},"end":{"line":49,"column":null}},"line":45},"8":{"name":"useAuth","decl":{"start":{"line":58,"column":16},"end":{"line":58,"column":26}},"loc":{"start":{"line":58,"column":26},"end":{"line":60,"column":null}},"line":58}},"branchMap":{},"s":{"0":0,"1":0,"2":0,"3":0,"4":0,"5":0,"6":0,"7":0,"8":0,"9":0,"10":0,"11":0,"12":0,"13":0,"14":0,"15":0,"16":0,"17":0,"18":0,"19":0,"20":0,"21":0},"f":{"0":0,"1":0,"2":0,"3":0,"4":0,"5":0,"6":0,"7":0,"8":0},"b":{},"meta":{"lastBranch":0,"lastFunction":9,"lastStatement":22,"seen":{"s:14:6:20:Infinity":0,"f:17:17:17:24":0,"s:17:24:17:Infinity":1,"f:19:18:19:30":1,"s:19:30:19:Infinity":2,"f:22:16:22:29":2,"s:23:28:23:Infinity":3,"s:24:28:24:Infinity":4,"s:25:15:25:Infinity":5,"s:28:2:33:Infinity":6,"f:28:12:28:18":3,"s:29:4:32:Infinity":7,"f:29:22:29:23":4,"s:30:6:30:Infinity":8,"s:31:6:31:Infinity":9,"s:35:19:38:Infinity":10,"f:35:19:35:31":5,"s:36:4:36:Infinity":11,"s:37:4:37:Infinity":12,"s:40:26:43:Infinity":13,"f:40:26:40:33":6,"s:41:19:41:Infinity":14,"s:42:4:42:Infinity":15,"s:45:27:49:Infinity":16,"f:45:27:45:39":7,"s:46:14:46:Infinity":17,"s:47:4:47:Infinity":18,"s:48:4:48:Infinity":19,"s:51:2:54:Infinity":20,"f:58:16:58:26":8,"s:59:2:59:Infinity":21},"fnNames":{}}}
,"/Users/alvaro/projects/github.com/HelpingPeopleNow/frontend/src/ChatPage.tsx": {"path":"/Users/alvaro/projects/github.com/HelpingPeopleNow/frontend/src/ChatPage.tsx","statementMap":{"0":{"start":{"line":16,"column":13},"end":{"line":16,"column":null}},"1":{"start":{"line":17,"column":2},"end":{"line":17,"column":null}},"2":{"start":{"line":17,"column":56},"end":{"line":17,"column":null}},"3":{"start":{"line":18,"column":2},"end":{"line":18,"column":null}},"4":{"start":{"line":22,"column":2},"end":{"line":22,"column":null}},"5":{"start":{"line":23,"column":18},"end":{"line":23,"column":null}},"6":{"start":{"line":25,"column":20},"end":{"line":25,"column":null}},"7":{"start":{"line":26,"column":19},"end":{"line":26,"column":null}},"8":{"start":{"line":28,"column":74},"end":{"line":28,"column":null}},"9":{"start":{"line":30,"column":65},"end":{"line":36,"column":null}},"10":{"start":{"line":38,"column":2},"end":{"line":42,"column":null}},"11":{"start":{"line":39,"column":4},"end":{"line":41,"column":null}},"12":{"start":{"line":39,"column":39},"end":{"line":39,"column":null}},"13":{"start":{"line":39,"column":76},"end":{"line":41,"column":null}},"14":{"start":{"line":40,"column":44},"end":{"line":40,"column":null}},"15":{"start":{"line":41,"column":9},"end":{"line":41,"column":null}},"16":{"start":{"line":45,"column":4},"end":{"line":49,"column":null}},"17":{"start":{"line":51,"column":2},"end":{"line":57,"column":null}},"18":{"start":{"line":52,"column":4},"end":{"line":55,"column":null}},"19":{"start":{"line":59,"column":2},"end":{"line":73,"column":null}}},"fnMap":{"0":{"name":"getModeParam","decl":{"start":{"line":15,"column":9},"end":{"line":15,"column":41}},"loc":{"start":{"line":15,"column":41},"end":{"line":19,"column":null}},"line":15},"1":{"name":"ChatPage","decl":{"start":{"line":21,"column":24},"end":{"line":21,"column":35}},"loc":{"start":{"line":21,"column":35},"end":{"line":75,"column":null}},"line":21},"2":{"name":"(anonymous_2)","decl":{"start":{"line":38,"column":12},"end":{"line":38,"column":18}},"loc":{"start":{"line":38,"column":18},"end":{"line":42,"column":5}},"line":38}},"branchMap":{"0":{"loc":{"start":{"line":17,"column":2},"end":{"line":17,"column":null}},"type":"if","locations":[{"start":{"line":17,"column":2},"end":{"line":17,"column":null}},{"start":{},"end":{}}],"line":17},"1":{"loc":{"start":{"line":17,"column":6},"end":{"line":17,"column":56}},"type":"binary-expr","locations":[{"start":{"line":17,"column":6},"end":{"line":17,"column":32}},{"start":{"line":17,"column":32},"end":{"line":17,"column":56}}],"line":17},"2":{"loc":{"start":{"line":26,"column":19},"end":{"line":26,"column":null}},"type":"cond-expr","locations":[{"start":{"line":26,"column":51},"end":{"line":26,"column":62}},{"start":{"line":26,"column":62},"end":{"line":26,"column":null}}],"line":26},"3":{"loc":{"start":{"line":31,"column":10},"end":{"line":31,"column":null}},"type":"binary-expr","locations":[{"start":{"line":31,"column":10},"end":{"line":31,"column":23}},{"start":{"line":31,"column":23},"end":{"line":31,"column":null}}],"line":31},"4":{"loc":{"start":{"line":39,"column":4},"end":{"line":41,"column":null}},"type":"if","locations":[{"start":{"line":39,"column":4},"end":{"line":41,"column":null}},{"start":{"line":39,"column":76},"end":{"line":41,"column":null}}],"line":39},"5":{"loc":{"start":{"line":39,"column":76},"end":{"line":41,"column":null}},"type":"if","locations":[{"start":{"line":39,"column":76},"end":{"line":41,"column":null}},{"start":{"line":41,"column":9},"end":{"line":41,"column":null}}],"line":39},"6":{"loc":{"start":{"line":45,"column":4},"end":{"line":49,"column":null}},"type":"cond-expr","locations":[{"start":{"line":46,"column":8},"end":{"line":46,"column":null}},{"start":{"line":47,"column":8},"end":{"line":49,"column":null}}],"line":45},"7":{"loc":{"start":{"line":47,"column":8},"end":{"line":49,"column":null}},"type":"cond-expr","locations":[{"start":{"line":48,"column":10},"end":{"line":48,"column":null}},{"start":{"line":49,"column":10},"end":{"line":49,"column":null}}],"line":47},"8":{"loc":{"start":{"line":51,"column":2},"end":{"line":57,"column":null}},"type":"if","locations":[{"start":{"line":51,"column":2},"end":{"line":57,"column":null}},{"start":{},"end":{}}],"line":51},"9":{"loc":{"start":{"line":62,"column":9},"end":{"line":69,"column":null}},"type":"cond-expr","locations":[{"start":{"line":63,"column":10},"end":{"line":63,"column":null}},{"start":{"line":65,"column":10},"end":{"line":69,"column":null}}],"line":62},"10":{"loc":{"start":{"line":62,"column":9},"end":{"line":62,"column":null}},"type":"binary-expr","locations":[{"start":{"line":62,"column":9},"end":{"line":62,"column":34}},{"start":{"line":62,"column":34},"end":{"line":62,"column":null}}],"line":62},"11":{"loc":{"start":{"line":67,"column":23},"end":{"line":67,"column":null}},"type":"binary-expr","locations":[{"start":{"line":67,"column":23},"end":{"line":67,"column":36}},{"start":{"line":67,"column":36},"end":{"line":67,"column":null}}],"line":67},"12":{"loc":{"start":{"line":71,"column":50},"end":{"line":71,"column":76}},"type":"binary-expr","locations":[{"start":{"line":71,"column":50},"end":{"line":71,"column":63}},{"start":{"line":71,"column":63},"end":{"line":71,"column":76}}],"line":71}},"s":{"0":0,"1":0,"2":0,"3":0,"4":0,"5":0,"6":0,"7":0,"8":0,"9":0,"10":0,"11":0,"12":0,"13":0,"14":0,"15":0,"16":0,"17":0,"18":0,"19":0},"f":{"0":0,"1":0,"2":0},"b":{"0":[0,0],"1":[0,0],"2":[0,0],"3":[0,0],"4":[0,0],"5":[0,0],"6":[0,0],"7":[0,0],"8":[0,0],"9":[0,0],"10":[0,0],"11":[0,0],"12":[0,0]},"meta":{"lastBranch":13,"lastFunction":3,"lastStatement":20,"seen":{"f:15:9:15:41":0,"s:16:13:16:Infinity":0,"b:17:2:17:Infinity:undefined:undefined:undefined:undefined":0,"s:17:2:17:Infinity":1,"b:17:6:17:32:17:32:17:56":1,"s:17:56:17:Infinity":2,"s:18:2:18:Infinity":3,"f:21:24:21:35":1,"s:22:2:22:Infinity":4,"s:23:18:23:Infinity":5,"s:25:20:25:Infinity":6,"s:26:19:26:Infinity":7,"b:26:51:26:62:26:62:26:Infinity":2,"s:28:74:28:Infinity":8,"s:30:65:36:Infinity":9,"b:31:10:31:23:31:23:31:Infinity":3,"s:38:2:42:Infinity":10,"f:38:12:38:18":2,"b:39:4:41:Infinity:39:76:41:Infinity":4,"s:39:4:41:Infinity":11,"s:39:39:39:Infinity":12,"b:39:76:41:Infinity:41:9:41:Infinity":5,"s:39:76:41:Infinity":13,"s:40:44:40:Infinity":14,"s:41:9:41:Infinity":15,"s:45:4:49:Infinity":16,"b:46:8:46:Infinity:47:8:49:Infinity":6,"b:48:10:48:Infinity:49:10:49:Infinity":7,"b:51:2:57:Infinity:undefined:undefined:undefined:undefined":8,"s:51:2:57:Infinity":17,"s:52:4:55:Infinity":18,"s:59:2:73:Infinity":19,"b:63:10:63:Infinity:65:10:69:Infinity":9,"b:62:9:62:34:62:34:62:Infinity":10,"b:67:23:67:36:67:36:67:Infinity":11,"b:71:50:71:63:71:63:71:76":12},"fnNames":{}}}
,"/Users/alvaro/projects/github.com/HelpingPeopleNow/frontend/src/ClientDetailPage.tsx": {"path":"/Users/alvaro/projects/github.com/HelpingPeopleNow/frontend/src/ClientDetailPage.tsx","statementMap":{"0":{"start":{"line":6,"column":2},"end":{"line":6,"column":null}}},"fnMap":{"0":{"name":"ClientDetailPage","decl":{"start":{"line":5,"column":24},"end":{"line":5,"column":41}},"loc":{"start":{"line":5,"column":56},"end":{"line":7,"column":null}},"line":5}},"branchMap":{},"s":{"0":0},"f":{"0":0},"b":{},"meta":{"lastBranch":0,"lastFunction":1,"lastStatement":1,"seen":{"f:5:24:5:41":0,"s:6:2:6:Infinity":0},"fnNames":{}}}
,"/Users/alvaro/projects/github.com/HelpingPeopleNow/frontend/src/ClientsPage.tsx": {"path":"/Users/alvaro/projects/github.com/HelpingPeopleNow/frontend/src/ClientsPage.tsx","statementMap":{"0":{"start":{"line":6,"column":12},"end":{"line":6,"column":null}},"1":{"start":{"line":7,"column":2},"end":{"line":14,"column":null}}},"fnMap":{"0":{"name":"ClientsPage","decl":{"start":{"line":5,"column":24},"end":{"line":5,"column":38}},"loc":{"start":{"line":5,"column":38},"end":{"line":16,"column":null}},"line":5}},"branchMap":{},"s":{"0":0,"1":0},"f":{"0":0},"b":{},"meta":{"lastBranch":0,"lastFunction":1,"lastStatement":2,"seen":{"f:5:24:5:38":0,"s:6:12:6:Infinity":0,"s:7:2:14:Infinity":1},"fnNames":{}}}
,"/Users/alvaro/projects/github.com/HelpingPeopleNow/frontend/src/ConversationDetailPage.tsx": {"path":"/Users/alvaro/projects/github.com/HelpingPeopleNow/frontend/src/ConversationDetailPage.tsx","statementMap":{"0":{"start":{"line":6,"column":2},"end":{"line":6,"column":null}}},"fnMap":{"0":{"name":"ConversationDetailPage","decl":{"start":{"line":5,"column":24},"end":{"line":5,"column":47}},"loc":{"start":{"line":5,"column":62},"end":{"line":7,"column":null}},"line":5}},"branchMap":{},"s":{"0":0},"f":{"0":0},"b":{},"meta":{"lastBranch":0,"lastFunction":1,"lastStatement":1,"seen":{"f:5:24:5:47":0,"s:6:2:6:Infinity":0},"fnNames":{}}}
,"/Users/alvaro/projects/github.com/HelpingPeopleNow/frontend/src/ConversationsPage.tsx": {"path":"/Users/alvaro/projects/github.com/HelpingPeopleNow/frontend/src/ConversationsPage.tsx","statementMap":{"0":{"start":{"line":6,"column":12},"end":{"line":6,"column":null}},"1":{"start":{"line":7,"column":2},"end":{"line":15,"column":null}}},"fnMap":{"0":{"name":"ConversationsPage","decl":{"start":{"line":5,"column":24},"end":{"line":5,"column":44}},"loc":{"start":{"line":5,"column":44},"end":{"line":17,"column":null}},"line":5}},"branchMap":{},"s":{"0":0,"1":0},"f":{"0":0},"b":{},"meta":{"lastBranch":0,"lastFunction":1,"lastStatement":2,"seen":{"f:5:24:5:44":0,"s:6:12:6:Infinity":0,"s:7:2:15:Infinity":1},"fnNames":{}}}
,"/Users/alvaro/projects/github.com/HelpingPeopleNow/frontend/src/EntityDetailPage.tsx": {"path":"/Users/alvaro/projects/github.com/HelpingPeopleNow/frontend/src/EntityDetailPage.tsx","statementMap":{"0":{"start":{"line":8,"column":22},"end":{"line":8,"column":null}},"1":{"start":{"line":19,"column":12},"end":{"line":19,"column":null}},"2":{"start":{"line":20,"column":2},"end":{"line":20,"column":null}},"3":{"start":{"line":21,"column":22},"end":{"line":21,"column":null}},"4":{"start":{"line":22,"column":28},"end":{"line":22,"column":null}},"5":{"start":{"line":23,"column":28},"end":{"line":23,"column":null}},"6":{"start":{"line":24,"column":22},"end":{"line":24,"column":null}},"7":{"start":{"line":25,"column":26},"end":{"line":25,"column":null}},"8":{"start":{"line":26,"column":24},"end":{"line":26,"column":null}},"9":{"start":{"line":28,"column":19},"end":{"line":28,"column":null}},"10":{"start":{"line":30,"column":2},"end":{"line":37,"column":null}},"11":{"start":{"line":31,"column":4},"end":{"line":36,"column":null}},"12":{"start":{"line":32,"column":19},"end":{"line":32,"column":31}},"13":{"start":{"line":32,"column":31},"end":{"line":32,"column":43}},"14":{"start":{"line":32,"column":43},"end":{"line":32,"column":62}},"15":{"start":{"line":34,"column":20},"end":{"line":34,"column":null}},"16":{"start":{"line":35,"column":8},"end":{"line":35,"column":23}},"17":{"start":{"line":35,"column":23},"end":{"line":35,"column":null}},"18":{"start":{"line":39,"column":21},"end":{"line":51,"column":null}},"19":{"start":{"line":40,"column":4},"end":{"line":40,"column":null}},"20":{"start":{"line":41,"column":4},"end":{"line":50,"column":null}},"21":{"start":{"line":42,"column":6},"end":{"line":42,"column":null}},"22":{"start":{"line":43,"column":6},"end":{"line":43,"column":null}},"23":{"start":{"line":44,"column":6},"end":{"line":44,"column":null}},"24":{"start":{"line":46,"column":18},"end":{"line":46,"column":null}},"25":{"start":{"line":47,"column":6},"end":{"line":47,"column":null}},"26":{"start":{"line":49,"column":6},"end":{"line":49,"column":null}},"27":{"start":{"line":53,"column":23},"end":{"line":62,"column":null}},"28":{"start":{"line":54,"column":4},"end":{"line":54,"column":null}},"29":{"start":{"line":54,"column":70},"end":{"line":54,"column":null}},"30":{"start":{"line":55,"column":4},"end":{"line":61,"column":null}},"31":{"start":{"line":56,"column":6},"end":{"line":56,"column":null}},"32":{"start":{"line":57,"column":6},"end":{"line":57,"column":null}},"33":{"start":{"line":59,"column":18},"end":{"line":59,"column":null}},"34":{"start":{"line":60,"column":6},"end":{"line":60,"column":null}},"35":{"start":{"line":64,"column":23},"end":{"line":74,"column":null}},"36":{"start":{"line":66,"column":4},"end":{"line":73,"column":null}},"37":{"start":{"line":66,"column":24},"end":{"line":66,"column":null}},"38":{"start":{"line":66,"column":41},"end":{"line":66,"column":66}},"39":{"start":{"line":66,"column":66},"end":{"line":73,"column":null}},"40":{"start":{"line":67,"column":30},"end":{"line":67,"column":null}},"41":{"start":{"line":67,"column":47},"end":{"line":67,"column":73}},"42":{"start":{"line":67,"column":73},"end":{"line":73,"column":null}},"43":{"start":{"line":68,"column":43},"end":{"line":68,"column":null}},"44":{"start":{"line":68,"column":60},"end":{"line":68,"column":85}},"45":{"start":{"line":68,"column":85},"end":{"line":73,"column":null}},"46":{"start":{"line":70,"column":6},"end":{"line":70,"column":null}},"47":{"start":{"line":70,"column":23},"end":{"line":70,"column":55}},"48":{"start":{"line":72,"column":6},"end":{"line":72,"column":null}},"49":{"start":{"line":72,"column":23},"end":{"line":72,"column":47}},"50":{"start":{"line":76,"column":2},"end":{"line":76,"column":null}},"51":{"start":{"line":76,"column":15},"end":{"line":76,"column":null}},"52":{"start":{"line":77,"column":2},"end":{"line":77,"column":null}},"53":{"start":{"line":77,"column":13},"end":{"line":77,"column":null}},"54":{"start":{"line":78,"column":2},"end":{"line":78,"column":null}},"55":{"start":{"line":78,"column":13},"end":{"line":78,"column":null}},"56":{"start":{"line":80,"column":15},"end":{"line":80,"column":null}},"57":{"start":{"line":82,"column":2},"end":{"line":150,"column":null}},"58":{"start":{"line":86,"column":49},"end":{"line":86,"column":72}},"59":{"start":{"line":90,"column":59},"end":{"line":90,"column":null}},"60":{"start":{"line":99,"column":61},"end":{"line":99,"column":80}},"61":{"start":{"line":99,"column":80},"end":{"line":99,"column":95}},"62":{"start":{"line":111,"column":12},"end":{"line":145,"column":null}},"63":{"start":{"line":119,"column":42},"end":{"line":119,"column":null}},"64":{"start":{"line":129,"column":41},"end":{"line":129,"column":null}}},"fnMap":{"0":{"name":"EntityDetailPage","decl":{"start":{"line":18,"column":24},"end":{"line":18,"column":41}},"loc":{"start":{"line":18,"column":96},"end":{"line":152,"column":null}},"line":18},"1":{"name":"(anonymous_1)","decl":{"start":{"line":30,"column":12},"end":{"line":30,"column":18}},"loc":{"start":{"line":30,"column":18},"end":{"line":37,"column":5}},"line":30},"2":{"name":"(anonymous_2)","decl":{"start":{"line":32,"column":12},"end":{"line":32,"column":17}},"loc":{"start":{"line":32,"column":17},"end":{"line":32,"column":63}},"line":32},"3":{"name":"(anonymous_3)","decl":{"start":{"line":33,"column":13},"end":{"line":33,"column":20}},"loc":{"start":{"line":33,"column":20},"end":{"line":36,"column":7}},"line":33},"4":{"name":"(anonymous_4)","decl":{"start":{"line":39,"column":21},"end":{"line":39,"column":33}},"loc":{"start":{"line":39,"column":33},"end":{"line":51,"column":null}},"line":39},"5":{"name":"(anonymous_5)","decl":{"start":{"line":53,"column":23},"end":{"line":53,"column":35}},"loc":{"start":{"line":53,"column":35},"end":{"line":62,"column":null}},"line":53},"6":{"name":"(anonymous_6)","decl":{"start":{"line":64,"column":23},"end":{"line":64,"column":24}},"loc":{"start":{"line":64,"column":53},"end":{"line":74,"column":null}},"line":64},"7":{"name":"(anonymous_7)","decl":{"start":{"line":66,"column":32},"end":{"line":66,"column":41}},"loc":{"start":{"line":66,"column":41},"end":{"line":66,"column":66}},"line":66},"8":{"name":"(anonymous_8)","decl":{"start":{"line":67,"column":38},"end":{"line":67,"column":47}},"loc":{"start":{"line":67,"column":47},"end":{"line":67,"column":73}},"line":67},"9":{"name":"(anonymous_9)","decl":{"start":{"line":68,"column":51},"end":{"line":68,"column":60}},"loc":{"start":{"line":68,"column":60},"end":{"line":68,"column":85}},"line":68},"10":{"name":"(anonymous_10)","decl":{"start":{"line":70,"column":14},"end":{"line":70,"column":23}},"loc":{"start":{"line":70,"column":23},"end":{"line":70,"column":55}},"line":70},"11":{"name":"(anonymous_11)","decl":{"start":{"line":72,"column":14},"end":{"line":72,"column":23}},"loc":{"start":{"line":72,"column":23},"end":{"line":72,"column":47}},"line":72},"12":{"name":"(anonymous_12)","decl":{"start":{"line":86,"column":49},"end":{"line":86,"column":55}},"loc":{"start":{"line":86,"column":49},"end":{"line":86,"column":72}},"line":86},"13":{"name":"(anonymous_13)","decl":{"start":{"line":90,"column":53},"end":{"line":90,"column":59}},"loc":{"start":{"line":90,"column":59},"end":{"line":90,"column":null}},"line":90},"14":{"name":"(anonymous_14)","decl":{"start":{"line":99,"column":53},"end":{"line":99,"column":59}},"loc":{"start":{"line":99,"column":59},"end":{"line":99,"column":null}},"line":99},"15":{"name":"(anonymous_15)","decl":{"start":{"line":110,"column":20},"end":{"line":110,"column":null}},"loc":{"start":{"line":111,"column":12},"end":{"line":145,"column":null}},"line":111},"16":{"name":"(anonymous_16)","decl":{"start":{"line":119,"column":30},"end":{"line":119,"column":31}},"loc":{"start":{"line":119,"column":42},"end":{"line":119,"column":null}},"line":119},"17":{"name":"(anonymous_17)","decl":{"start":{"line":129,"column":29},"end":{"line":129,"column":30}},"loc":{"start":{"line":129,"column":41},"end":{"line":129,"column":null}},"line":129}},"branchMap":{"0":{"loc":{"start":{"line":18,"column":70},"end":{"line":18,"column":86}},"type":"default-arg","locations":[{"start":{"line":18,"column":81},"end":{"line":18,"column":86}}],"line":18},"1":{"loc":{"start":{"line":28,"column":19},"end":{"line":28,"column":null}},"type":"binary-expr","locations":[{"start":{"line":28,"column":19},"end":{"line":28,"column":29}},{"start":{"line":28,"column":29},"end":{"line":28,"column":null}}],"line":28},"2":{"loc":{"start":{"line":34,"column":20},"end":{"line":34,"column":null}},"type":"cond-expr","locations":[{"start":{"line":34,"column":46},"end":{"line":34,"column":60}},{"start":{"line":34,"column":60},"end":{"line":34,"column":null}}],"line":34},"3":{"loc":{"start":{"line":34,"column":60},"end":{"line":34,"column":null}},"type":"cond-expr","locations":[{"start":{"line":34,"column":83},"end":{"line":34,"column":97}},{"start":{"line":34,"column":97},"end":{"line":34,"column":null}}],"line":34},"4":{"loc":{"start":{"line":46,"column":18},"end":{"line":46,"column":null}},"type":"cond-expr","locations":[{"start":{"line":46,"column":44},"end":{"line":46,"column":58}},{"start":{"line":46,"column":58},"end":{"line":46,"column":null}}],"line":46},"5":{"loc":{"start":{"line":46,"column":58},"end":{"line":46,"column":null}},"type":"cond-expr","locations":[{"start":{"line":46,"column":81},"end":{"line":46,"column":95}},{"start":{"line":46,"column":95},"end":{"line":46,"column":null}}],"line":46},"6":{"loc":{"start":{"line":54,"column":4},"end":{"line":54,"column":null}},"type":"if","locations":[{"start":{"line":54,"column":4},"end":{"line":54,"column":null}},{"start":{},"end":{}}],"line":54},"7":{"loc":{"start":{"line":54,"column":17},"end":{"line":54,"column":67}},"type":"binary-expr","locations":[{"start":{"line":54,"column":17},"end":{"line":54,"column":46}},{"start":{"line":54,"column":46},"end":{"line":54,"column":67}}],"line":54},"8":{"loc":{"start":{"line":59,"column":18},"end":{"line":59,"column":null}},"type":"cond-expr","locations":[{"start":{"line":59,"column":44},"end":{"line":59,"column":58}},{"start":{"line":59,"column":58},"end":{"line":59,"column":null}}],"line":59},"9":{"loc":{"start":{"line":59,"column":58},"end":{"line":59,"column":null}},"type":"cond-expr","locations":[{"start":{"line":59,"column":81},"end":{"line":59,"column":95}},{"start":{"line":59,"column":95},"end":{"line":59,"column":null}}],"line":59},"10":{"loc":{"start":{"line":66,"column":4},"end":{"line":73,"column":null}},"type":"if","locations":[{"start":{"line":66,"column":4},"end":{"line":73,"column":null}},{"start":{"line":66,"column":66},"end":{"line":73,"column":null}}],"line":66},"11":{"loc":{"start":{"line":66,"column":66},"end":{"line":73,"column":null}},"type":"if","locations":[{"start":{"line":66,"column":66},"end":{"line":73,"column":null}},{"start":{"line":67,"column":73},"end":{"line":73,"column":null}}],"line":66},"12":{"loc":{"start":{"line":67,"column":73},"end":{"line":73,"column":null}},"type":"if","locations":[{"start":{"line":67,"column":73},"end":{"line":73,"column":null}},{"start":{"line":68,"column":85},"end":{"line":73,"column":null}}],"line":67},"13":{"loc":{"start":{"line":68,"column":13},"end":{"line":68,"column":43}},"type":"binary-expr","locations":[{"start":{"line":68,"column":13},"end":{"line":68,"column":27}},{"start":{"line":68,"column":27},"end":{"line":68,"column":43}}],"line":68},"14":{"loc":{"start":{"line":68,"column":85},"end":{"line":73,"column":null}},"type":"if","locations":[{"start":{"line":68,"column":85},"end":{"line":73,"column":null}},{"start":{"line":71,"column":11},"end":{"line":73,"column":null}}],"line":68},"15":{"loc":{"start":{"line":69,"column":13},"end":{"line":69,"column":81}},"type":"binary-expr","locations":[{"start":{"line":69,"column":13},"end":{"line":69,"column":42}},{"start":{"line":69,"column":42},"end":{"line":69,"column":50}},{"start":{"line":69,"column":50},"end":{"line":69,"column":81}}],"line":69},"16":{"loc":{"start":{"line":76,"column":2},"end":{"line":76,"column":null}},"type":"if","locations":[{"start":{"line":76,"column":2},"end":{"line":76,"column":null}},{"start":{},"end":{}}],"line":76},"17":{"loc":{"start":{"line":77,"column":2},"end":{"line":77,"column":null}},"type":"if","locations":[{"start":{"line":77,"column":2},"end":{"line":77,"column":null}},{"start":{},"end":{}}],"line":77},"18":{"loc":{"start":{"line":78,"column":2},"end":{"line":78,"column":null}},"type":"if","locations":[{"start":{"line":78,"column":2},"end":{"line":78,"column":null}},{"start":{},"end":{}}],"line":78},"19":{"loc":{"start":{"line":89,"column":11},"end":{"line":92,"column":null}},"type":"binary-expr","locations":[{"start":{"line":89,"column":11},"end":{"line":89,"column":23}},{"start":{"line":89,"column":23},"end":{"line":89,"column":null}},{"start":{"line":90,"column":12},"end":{"line":92,"column":null}}],"line":89},"20":{"loc":{"start":{"line":91,"column":15},"end":{"line":91,"column":null}},"type":"binary-expr","locations":[{"start":{"line":91,"column":15},"end":{"line":91,"column":34}},{"start":{"line":91,"column":34},"end":{"line":91,"column":null}}],"line":91},"21":{"loc":{"start":{"line":94,"column":11},"end":{"line":102,"column":null}},"type":"binary-expr","locations":[{"start":{"line":94,"column":11},"end":{"line":94,"column":null}},{"start":{"line":95,"column":12},"end":{"line":102,"column":null}}],"line":94},"22":{"loc":{"start":{"line":97,"column":17},"end":{"line":97,"column":null}},"type":"cond-expr","locations":[{"start":{"line":97,"column":26},"end":{"line":97,"column":33}},{"start":{"line":97,"column":33},"end":{"line":97,"column":null}}],"line":97},"23":{"loc":{"start":{"line":97,"column":33},"end":{"line":97,"column":null}},"type":"binary-expr","locations":[{"start":{"line":97,"column":33},"end":{"line":97,"column":52}},{"start":{"line":97,"column":52},"end":{"line":97,"column":null}}],"line":97},"24":{"loc":{"start":{"line":100,"column":17},"end":{"line":100,"column":null}},"type":"binary-expr","locations":[{"start":{"line":100,"column":17},"end":{"line":100,"column":38}},{"start":{"line":100,"column":38},"end":{"line":100,"column":null}}],"line":100},"25":{"loc":{"start":{"line":105,"column":13},"end":{"line":105,"column":null}},"type":"binary-expr","locations":[{"start":{"line":105,"column":13},"end":{"line":105,"column":34}},{"start":{"line":105,"column":34},"end":{"line":105,"column":null}}],"line":105},"26":{"loc":{"start":{"line":111,"column":12},"end":{"line":145,"column":null}},"type":"cond-expr","locations":[{"start":{"line":111,"column":53},"end":{"line":111,"column":null}},{"start":{"line":112,"column":12},"end":{"line":145,"column":null}}],"line":111},"27":{"loc":{"start":{"line":111,"column":12},"end":{"line":111,"column":53}},"type":"binary-expr","locations":[{"start":{"line":111,"column":12},"end":{"line":111,"column":23}},{"start":{"line":111,"column":23},"end":{"line":111,"column":53}}],"line":111},"28":{"loc":{"start":{"line":114,"column":15},"end":{"line":143,"column":null}},"type":"cond-expr","locations":[{"start":{"line":115,"column":16},"end":{"line":130,"column":null}},{"start":{"line":133,"column":16},"end":{"line":143,"column":null}}],"line":114},"29":{"loc":{"start":{"line":114,"column":15},"end":{"line":114,"column":null}},"type":"binary-expr","locations":[{"start":{"line":114,"column":15},"end":{"line":114,"column":26}},{"start":{"line":114,"column":26},"end":{"line":114,"column":null}}],"line":114},"30":{"loc":{"start":{"line":115,"column":16},"end":{"line":130,"column":null}},"type":"cond-expr","locations":[{"start":{"line":116,"column":18},"end":{"line":123,"column":null}},{"start":{"line":125,"column":18},"end":{"line":130,"column":null}}],"line":115},"31":{"loc":{"start":{"line":118,"column":27},"end":{"line":118,"column":null}},"type":"cond-expr","locations":[{"start":{"line":118,"column":39},"end":{"line":118,"column":48}},{"start":{"line":118,"column":48},"end":{"line":118,"column":null}}],"line":118},"32":{"loc":{"start":{"line":127,"column":26},"end":{"line":127,"column":null}},"type":"cond-expr","locations":[{"start":{"line":127,"column":58},"end":{"line":127,"column":69}},{"start":{"line":127,"column":69},"end":{"line":127,"column":null}}],"line":127},"33":{"loc":{"start":{"line":128,"column":27},"end":{"line":128,"column":null}},"type":"cond-expr","locations":[{"start":{"line":128,"column":48},"end":{"line":128,"column":53}},{"start":{"line":128,"column":53},"end":{"line":128,"column":null}}],"line":128},"34":{"loc":{"start":{"line":128,"column":60},"end":{"line":128,"column":75}},"type":"binary-expr","locations":[{"start":{"line":128,"column":60},"end":{"line":128,"column":73}},{"start":{"line":128,"column":73},"end":{"line":128,"column":75}}],"line":128},"35":{"loc":{"start":{"line":134,"column":19},"end":{"line":141,"column":null}},"type":"cond-expr","locations":[{"start":{"line":135,"column":20},"end":{"line":135,"column":null}},{"start":{"line":136,"column":22},"end":{"line":141,"column":null}}],"line":134},"36":{"loc":{"start":{"line":136,"column":22},"end":{"line":141,"column":null}},"type":"cond-expr","locations":[{"start":{"line":137,"column":20},"end":{"line":139,"column":null}},{"start":{"line":141,"column":20},"end":{"line":141,"column":null}}],"line":136},"37":{"loc":{"start":{"line":136,"column":22},"end":{"line":136,"column":null}},"type":"binary-expr","locations":[{"start":{"line":136,"column":22},"end":{"line":136,"column":58}},{"start":{"line":136,"column":58},"end":{"line":136,"column":null}}],"line":136}},"s":{"0":0,"1":0,"2":0,"3":0,"4":0,"5":0,"6":0,"7":0,"8":0,"9":0,"10":0,"11":0,"12":0,"13":0,"14":0,"15":0,"16":0,"17":0,"18":0,"19":0,"20":0,"21":0,"22":0,"23":0,"24":0,"25":0,"26":0,"27":0,"28":0,"29":0,"30":0,"31":0,"32":0,"33":0,"34":0,"35":0,"36":0,"37":0,"38":0,"39":0,"40":0,"41":0,"42":0,"43":0,"44":0,"45":0,"46":0,"47":0,"48":0,"49":0,"50":0,"51":0,"52":0,"53":0,"54":0,"55":0,"56":0,"57":0,"58":0,"59":0,"60":0,"61":0,"62":0,"63":0,"64":0},"f":{"0":0,"1":0,"2":0,"3":0,"4":0,"5":0,"6":0,"7":0,"8":0,"9":0,"10":0,"11":0,"12":0,"13":0,"14":0,"15":0,"16":0,"17":0},"b":{"0":[0],"1":[0,0],"2":[0,0],"3":[0,0],"4":[0,0],"5":[0,0],"6":[0,0],"7":[0,0],"8":[0,0],"9":[0,0],"10":[0,0],"11":[0,0],"12":[0,0],"13":[0,0],"14":[0,0],"15":[0,0,0],"16":[0,0],"17":[0,0],"18":[0,0],"19":[0,0,0],"20":[0,0],"21":[0,0],"22":[0,0],"23":[0,0],"24":[0,0],"25":[0,0],"26":[0,0],"27":[0,0],"28":[0,0],"29":[0,0],"30":[0,0],"31":[0,0],"32":[0,0],"33":[0,0],"34":[0,0],"35":[0,0],"36":[0,0],"37":[0,0]},"meta":{"lastBranch":38,"lastFunction":18,"lastStatement":65,"seen":{"s:8:22:8:Infinity":0,"f:18:24:18:41":0,"b:18:81:18:86":0,"s:19:12:19:Infinity":1,"s:20:2:20:Infinity":2,"s:21:22:21:Infinity":3,"s:22:28:22:Infinity":4,"s:23:28:23:Infinity":5,"s:24:22:24:Infinity":6,"s:25:26:25:Infinity":7,"s:26:24:26:Infinity":8,"s:28:19:28:Infinity":9,"b:28:19:28:29:28:29:28:Infinity":1,"s:30:2:37:Infinity":10,"f:30:12:30:18":1,"s:31:4:36:Infinity":11,"f:32:12:32:17":2,"s:32:19:32:31":12,"s:32:31:32:43":13,"s:32:43:32:62":14,"f:33:13:33:20":3,"s:34:20:34:Infinity":15,"b:34:46:34:60:34:60:34:Infinity":2,"b:34:83:34:97:34:97:34:Infinity":3,"s:35:8:35:23":16,"s:35:23:35:Infinity":17,"s:39:21:51:Infinity":18,"f:39:21:39:33":4,"s:40:4:40:Infinity":19,"s:41:4:50:Infinity":20,"s:42:6:42:Infinity":21,"s:43:6:43:Infinity":22,"s:44:6:44:Infinity":23,"s:46:18:46:Infinity":24,"b:46:44:46:58:46:58:46:Infinity":4,"b:46:81:46:95:46:95:46:Infinity":5,"s:47:6:47:Infinity":25,"s:49:6:49:Infinity":26,"s:53:23:62:Infinity":27,"f:53:23:53:35":5,"b:54:4:54:Infinity:undefined:undefined:undefined:undefined":6,"s:54:4:54:Infinity":28,"b:54:17:54:46:54:46:54:67":7,"s:54:70:54:Infinity":29,"s:55:4:61:Infinity":30,"s:56:6:56:Infinity":31,"s:57:6:57:Infinity":32,"s:59:18:59:Infinity":33,"b:59:44:59:58:59:58:59:Infinity":8,"b:59:81:59:95:59:95:59:Infinity":9,"s:60:6:60:Infinity":34,"s:64:23:74:Infinity":35,"f:64:23:64:24":6,"b:66:4:73:Infinity:66:66:73:Infinity":10,"s:66:4:73:Infinity":36,"s:66:24:66:Infinity":37,"f:66:32:66:41":7,"s:66:41:66:66":38,"b:66:66:73:Infinity:67:73:73:Infinity":11,"s:66:66:73:Infinity":39,"s:67:30:67:Infinity":40,"f:67:38:67:47":8,"s:67:47:67:73":41,"b:67:73:73:Infinity:68:85:73:Infinity":12,"s:67:73:73:Infinity":42,"b:68:13:68:27:68:27:68:43":13,"s:68:43:68:Infinity":43,"f:68:51:68:60":9,"s:68:60:68:85":44,"b:68:85:73:Infinity:71:11:73:Infinity":14,"s:68:85:73:Infinity":45,"b:69:13:69:42:69:42:69:50:69:50:69:81":15,"s:70:6:70:Infinity":46,"f:70:14:70:23":10,"s:70:23:70:55":47,"s:72:6:72:Infinity":48,"f:72:14:72:23":11,"s:72:23:72:47":49,"b:76:2:76:Infinity:undefined:undefined:undefined:undefined":16,"s:76:2:76:Infinity":50,"s:76:15:76:Infinity":51,"b:77:2:77:Infinity:undefined:undefined:undefined:undefined":17,"s:77:2:77:Infinity":52,"s:77:13:77:Infinity":53,"b:78:2:78:Infinity:undefined:undefined:undefined:undefined":18,"s:78:2:78:Infinity":54,"s:78:13:78:Infinity":55,"s:80:15:80:Infinity":56,"s:82:2:150:Infinity":57,"f:86:49:86:55":12,"s:86:49:86:72":58,"b:89:11:89:23:89:23:89:Infinity:90:12:92:Infinity":19,"f:90:53:90:59":13,"s:90:59:90:Infinity":59,"b:91:15:91:34:91:34:91:Infinity":20,"b:94:11:94:Infinity:95:12:102:Infinity":21,"b:97:26:97:33:97:33:97:Infinity":22,"b:97:33:97:52:97:52:97:Infinity":23,"f:99:53:99:59":14,"s:99:61:99:80":60,"s:99:80:99:95":61,"b:100:17:100:38:100:38:100:Infinity":24,"b:105:13:105:34:105:34:105:Infinity":25,"f:110:20:110:Infinity":15,"s:111:12:145:Infinity":62,"b:111:53:111:Infinity:112:12:145:Infinity":26,"b:111:12:111:23:111:23:111:53":27,"b:115:16:130:Infinity:133:16:143:Infinity":28,"b:114:15:114:26:114:26:114:Infinity":29,"b:116:18:123:Infinity:125:18:130:Infinity":30,"b:118:39:118:48:118:48:118:Infinity":31,"f:119:30:119:31":16,"s:119:42:119:Infinity":63,"b:127:58:127:69:127:69:127:Infinity":32,"b:128:48:128:53:128:53:128:Infinity":33,"b:128:60:128:73:128:73:128:75":34,"f:129:29:129:30":17,"s:129:41:129:Infinity":64,"b:135:20:135:Infinity:136:22:141:Infinity":35,"b:137:20:139:Infinity:141:20:141:Infinity":36,"b:136:22:136:58:136:58:136:Infinity":37},"fnNames":{}}}
,"/Users/alvaro/projects/github.com/HelpingPeopleNow/frontend/src/EntityListPage.tsx": {"path":"/Users/alvaro/projects/github.com/HelpingPeopleNow/frontend/src/EntityListPage.tsx","statementMap":{"0":{"start":{"line":20,"column":12},"end":{"line":20,"column":null}},"1":{"start":{"line":21,"column":2},"end":{"line":21,"column":null}},"2":{"start":{"line":22,"column":22},"end":{"line":22,"column":null}},"3":{"start":{"line":23,"column":28},"end":{"line":23,"column":null}},"4":{"start":{"line":24,"column":24},"end":{"line":24,"column":null}},"5":{"start":{"line":26,"column":2},"end":{"line":33,"column":null}},"6":{"start":{"line":27,"column":4},"end":{"line":32,"column":null}},"7":{"start":{"line":28,"column":22},"end":{"line":28,"column":64}},"8":{"start":{"line":28,"column":64},"end":{"line":28,"column":83}},"9":{"start":{"line":30,"column":20},"end":{"line":30,"column":null}},"10":{"start":{"line":31,"column":8},"end":{"line":31,"column":23}},"11":{"start":{"line":31,"column":23},"end":{"line":31,"column":null}},"12":{"start":{"line":35,"column":22},"end":{"line":37,"column":null}},"13":{"start":{"line":36,"column":4},"end":{"line":36,"column":null}},"14":{"start":{"line":39,"column":23},"end":{"line":49,"column":null}},"15":{"start":{"line":40,"column":4},"end":{"line":40,"column":null}},"16":{"start":{"line":41,"column":4},"end":{"line":41,"column":null}},"17":{"start":{"line":41,"column":70},"end":{"line":41,"column":null}},"18":{"start":{"line":42,"column":4},"end":{"line":48,"column":null}},"19":{"start":{"line":43,"column":6},"end":{"line":43,"column":null}},"20":{"start":{"line":44,"column":6},"end":{"line":44,"column":null}},"21":{"start":{"line":44,"column":22},"end":{"line":44,"column":71}},"22":{"start":{"line":44,"column":39},"end":{"line":44,"column":70}},"23":{"start":{"line":46,"column":18},"end":{"line":46,"column":null}},"24":{"start":{"line":47,"column":6},"end":{"line":47,"column":null}},"25":{"start":{"line":51,"column":20},"end":{"line":60,"column":null}},"26":{"start":{"line":52,"column":4},"end":{"line":52,"column":null}},"27":{"start":{"line":52,"column":39},"end":{"line":52,"column":null}},"28":{"start":{"line":53,"column":4},"end":{"line":53,"column":null}},"29":{"start":{"line":53,"column":32},"end":{"line":53,"column":null}},"30":{"start":{"line":54,"column":14},"end":{"line":54,"column":null}},"31":{"start":{"line":55,"column":4},"end":{"line":57,"column":null}},"32":{"start":{"line":56,"column":6},"end":{"line":56,"column":null}},"33":{"start":{"line":58,"column":4},"end":{"line":58,"column":null}},"34":{"start":{"line":58,"column":23},"end":{"line":58,"column":null}},"35":{"start":{"line":59,"column":4},"end":{"line":59,"column":null}},"36":{"start":{"line":62,"column":2},"end":{"line":62,"column":null}},"37":{"start":{"line":62,"column":15},"end":{"line":62,"column":null}},"38":{"start":{"line":63,"column":2},"end":{"line":63,"column":null}},"39":{"start":{"line":63,"column":13},"end":{"line":63,"column":null}},"40":{"start":{"line":65,"column":2},"end":{"line":104,"column":null}},"41":{"start":{"line":69,"column":49},"end":{"line":69,"column":70}},"42":{"start":{"line":79,"column":38},"end":{"line":79,"column":62}},"43":{"start":{"line":85,"column":18},"end":{"line":97,"column":null}},"44":{"start":{"line":85,"column":80},"end":{"line":85,"column":106}},"45":{"start":{"line":87,"column":22},"end":{"line":87,"column":null}},"46":{"start":{"line":92,"column":47},"end":{"line":92,"column":null}}},"fnMap":{"0":{"name":"EntityListPage","decl":{"start":{"line":19,"column":24},"end":{"line":19,"column":39}},"loc":{"start":{"line":19,"column":133},"end":{"line":106,"column":null}},"line":19},"1":{"name":"(anonymous_1)","decl":{"start":{"line":26,"column":12},"end":{"line":26,"column":18}},"loc":{"start":{"line":26,"column":18},"end":{"line":33,"column":5}},"line":26},"2":{"name":"(anonymous_2)","decl":{"start":{"line":28,"column":12},"end":{"line":28,"column":20}},"loc":{"start":{"line":28,"column":20},"end":{"line":28,"column":84}},"line":28},"3":{"name":"(anonymous_3)","decl":{"start":{"line":29,"column":13},"end":{"line":29,"column":20}},"loc":{"start":{"line":29,"column":20},"end":{"line":32,"column":7}},"line":29},"4":{"name":"(anonymous_4)","decl":{"start":{"line":35,"column":22},"end":{"line":35,"column":23}},"loc":{"start":{"line":35,"column":35},"end":{"line":37,"column":null}},"line":35},"5":{"name":"(anonymous_5)","decl":{"start":{"line":39,"column":23},"end":{"line":39,"column":30}},"loc":{"start":{"line":39,"column":52},"end":{"line":49,"column":null}},"line":39},"6":{"name":"(anonymous_6)","decl":{"start":{"line":44,"column":14},"end":{"line":44,"column":22}},"loc":{"start":{"line":44,"column":22},"end":{"line":44,"column":71}},"line":44},"7":{"name":"(anonymous_7)","decl":{"start":{"line":44,"column":34},"end":{"line":44,"column":39}},"loc":{"start":{"line":44,"column":39},"end":{"line":44,"column":70}},"line":44},"8":{"name":"(anonymous_8)","decl":{"start":{"line":51,"column":20},"end":{"line":51,"column":21}},"loc":{"start":{"line":51,"column":45},"end":{"line":60,"column":null}},"line":51},"9":{"name":"(anonymous_9)","decl":{"start":{"line":69,"column":49},"end":{"line":69,"column":55}},"loc":{"start":{"line":69,"column":49},"end":{"line":69,"column":70}},"line":69},"10":{"name":"(anonymous_10)","decl":{"start":{"line":79,"column":31},"end":{"line":79,"column":38}},"loc":{"start":{"line":79,"column":38},"end":{"line":79,"column":62}},"line":79},"11":{"name":"(anonymous_11)","decl":{"start":{"line":84,"column":26},"end":{"line":84,"column":27}},"loc":{"start":{"line":85,"column":18},"end":{"line":97,"column":null}},"line":85},"12":{"name":"(anonymous_12)","decl":{"start":{"line":85,"column":74},"end":{"line":85,"column":80}},"loc":{"start":{"line":85,"column":80},"end":{"line":85,"column":106}},"line":85},"13":{"name":"(anonymous_13)","decl":{"start":{"line":86,"column":33},"end":{"line":86,"column":null}},"loc":{"start":{"line":87,"column":22},"end":{"line":87,"column":null}},"line":87},"14":{"name":"(anonymous_14)","decl":{"start":{"line":92,"column":33},"end":{"line":92,"column":34}},"loc":{"start":{"line":92,"column":47},"end":{"line":92,"column":null}},"line":92}},"branchMap":{"0":{"loc":{"start":{"line":19,"column":65},"end":{"line":19,"column":79}},"type":"default-arg","locations":[{"start":{"line":19,"column":73},"end":{"line":19,"column":79}}],"line":19},"1":{"loc":{"start":{"line":19,"column":79},"end":{"line":19,"column":98}},"type":"default-arg","locations":[{"start":{"line":19,"column":88},"end":{"line":19,"column":98}}],"line":19},"2":{"loc":{"start":{"line":19,"column":107},"end":{"line":19,"column":123}},"type":"default-arg","locations":[{"start":{"line":19,"column":118},"end":{"line":19,"column":123}}],"line":19},"3":{"loc":{"start":{"line":28,"column":30},"end":{"line":28,"column":61}},"type":"cond-expr","locations":[{"start":{"line":28,"column":52},"end":{"line":28,"column":59}},{"start":{"line":28,"column":59},"end":{"line":28,"column":61}}],"line":28},"4":{"loc":{"start":{"line":30,"column":20},"end":{"line":30,"column":null}},"type":"cond-expr","locations":[{"start":{"line":30,"column":46},"end":{"line":30,"column":60}},{"start":{"line":30,"column":60},"end":{"line":30,"column":null}}],"line":30},"5":{"loc":{"start":{"line":30,"column":60},"end":{"line":30,"column":null}},"type":"cond-expr","locations":[{"start":{"line":30,"column":83},"end":{"line":30,"column":97}},{"start":{"line":30,"column":97},"end":{"line":30,"column":null}}],"line":30},"6":{"loc":{"start":{"line":41,"column":4},"end":{"line":41,"column":null}},"type":"if","locations":[{"start":{"line":41,"column":4},"end":{"line":41,"column":null}},{"start":{},"end":{}}],"line":41},"7":{"loc":{"start":{"line":41,"column":17},"end":{"line":41,"column":67}},"type":"binary-expr","locations":[{"start":{"line":41,"column":17},"end":{"line":41,"column":46}},{"start":{"line":41,"column":46},"end":{"line":41,"column":67}}],"line":41},"8":{"loc":{"start":{"line":46,"column":18},"end":{"line":46,"column":null}},"type":"cond-expr","locations":[{"start":{"line":46,"column":44},"end":{"line":46,"column":58}},{"start":{"line":46,"column":58},"end":{"line":46,"column":null}}],"line":46},"9":{"loc":{"start":{"line":46,"column":58},"end":{"line":46,"column":null}},"type":"cond-expr","locations":[{"start":{"line":46,"column":81},"end":{"line":46,"column":95}},{"start":{"line":46,"column":95},"end":{"line":46,"column":null}}],"line":46},"10":{"loc":{"start":{"line":52,"column":4},"end":{"line":52,"column":null}},"type":"if","locations":[{"start":{"line":52,"column":4},"end":{"line":52,"column":null}},{"start":{},"end":{}}],"line":52},"11":{"loc":{"start":{"line":52,"column":8},"end":{"line":52,"column":39}},"type":"binary-expr","locations":[{"start":{"line":52,"column":8},"end":{"line":52,"column":22}},{"start":{"line":52,"column":22},"end":{"line":52,"column":39}}],"line":52},"12":{"loc":{"start":{"line":53,"column":4},"end":{"line":53,"column":null}},"type":"if","locations":[{"start
[...]
,"/Users/alvaro/projects/github.com/HelpingPeopleNow/frontend/src/services/systemPrompts.ts": {"path":"/Users/alvaro/projects/github.com/HelpingPeopleNow/frontend/src/services/systemPrompts.ts","statementMap":{"0":{"start":{"line":13,"column":2},"end":{"line":13,"column":null}},"1":{"start":{"line":17,"column":2},"end":{"line":20,"column":null}},"2":{"start":{"line":24,"column":2},"end":{"line":27,"column":null}}},"fnMap":{"0":{"name":"getSystemPrompts","decl":{"start":{"line":12,"column":16},"end":{"line":12,"column":61}},"loc":{"start":{"line":12,"column":61},"end":{"line":14,"column":null}},"line":12},"1":{"name":"updateSystemPromptColumn","decl":{"start":{"line":16,"column":16},"end":{"line":16,"column":41}},"loc":{"start":{"line":16,"column":100},"end":{"line":21,"column":null}},"line":16},"2":{"name":"updateLlmProvider","decl":{"start":{"line":23,"column":16},"end":{"line":23,"column":34}},"loc":{"start":{"line":23,"column":78},"end":{"line":28,"column":null}},"line":23}},"branchMap":{},"s":{"0":0,"1":0,"2":0},"f":{"0":0,"1":0,"2":0},"b":{},"meta":{"lastBranch":0,"lastFunction":3,"lastStatement":3,"seen":{"f:12:16:12:61":0,"s:13:2:13:Infinity":0,"f:16:16:16:41":1,"s:17:2:20:Infinity":1,"f:23:16:23:34":2,"s:24:2:27:Infinity":2},"fnNames":{}}}
,"/Users/alvaro/projects/github.com/HelpingPeopleNow/frontend/src/store/directMessages.ts": {"path":"/Users/alvaro/projects/github.com/HelpingPeopleNow/frontend/src/store/directMessages.ts","statementMap":{"0":{"start":{"line":12,"column":35},"end":{"line":12,"column":null}},"1":{"start":{"line":15,"column":2},"end":{"line":15,"column":null}},"2":{"start":{"line":15,"column":12},"end":{"line":15,"column":null}},"3":{"start":{"line":16,"column":2},"end":{"line":16,"column":null}},"4":{"start":{"line":39,"column":16},"end":{"line":39,"column":null}},"5":{"start":{"line":41,"column":13},"end":{"line":180,"column":null}},"6":{"start":{"line":41,"column":64},"end":{"line":180,"column":2}},"7":{"start":{"line":49,"column":4},"end":{"line":55,"column":null}},"8":{"start":{"line":50,"column":19},"end":{"line":50,"column":null}},"9":{"start":{"line":51,"column":20},"end":{"line":51,"column":null}},"10":{"start":{"line":51,"column":58},"end":{"line":51,"column":87}},"11":{"start":{"line":52,"column":6},"end":{"line":52,"column":null}},"12":{"start":{"line":59,"column":4},"end":{"line":66,"column":null}},"13":{"start":{"line":60,"column":19},"end":{"line":60,"column":null}},"14":{"start":{"line":61,"column":6},"end":{"line":63,"column":null}},"15":{"start":{"line":61,"column":16},"end":{"line":63,"column":8}},"16":{"start":{"line":70,"column":4},"end":{"line":86,"column":null}},"17":{"start":{"line":71,"column":18},"end":{"line":71,"column":null}},"18":{"start":{"line":72,"column":6},"end":{"line":78,"column":null}},"19":{"start":{"line":72,"column":16},"end":{"line":78,"column":8}},"20":{"start":{"line":79,"column":6},"end":{"line":79,"column":null}},"21":{"start":{"line":81,"column":6},"end":{"line":84,"column":null}},"22":{"start":{"line":82,"column":8},"end":{"line":82,"column":null}},"23":{"start":{"line":83,"column":8},"end":{"line":83,"column":null}},"24":{"start":{"line":83,"column":25},"end":{"line":83,"column":51}},"25":{"start":{"line":85,"column":6},"end":{"line":85,"column":null}},"26":{"start":{"line":90,"column":4},"end":{"line":96,"column":null}},"27":{"start":{"line":91,"column":20},"end":{"line":93,"column":null}},"28":{"start":{"line":92,"column":8},"end":{"line":92,"column":null}},"29":{"start":{"line":94,"column":20},"end":{"line":94,"column":null}},"30":{"start":{"line":94,"column":45},"end":{"line":94,"column":74}},"31":{"start":{"line":95,"column":6},"end":{"line":95,"column":null}},"32":{"start":{"line":97,"column":4},"end":{"line":97,"column":null}},"33":{"start":{"line":101,"column":4},"end":{"line":131,"column":null}},"34":{"start":{"line":102,"column":23},"end":{"line":102,"column":null}},"35":{"start":{"line":103,"column":6},"end":{"line":103,"column":null}},"36":{"start":{"line":103,"column":29},"end":{"line":103,"column":44}},"37":{"start":{"line":103,"column":47},"end":{"line":103,"column":null}},"38":{"start":{"line":107,"column":27},"end":{"line":119,"column":null}},"39":{"start":{"line":108,"column":8},"end":{"line":117,"column":null}},"40":{"start":{"line":109,"column":10},"end":{"line":116,"column":null}},"41":{"start":{"line":118,"column":8},"end":{"line":118,"column":null}},"42":{"start":{"line":121,"column":20},"end":{"line":121,"column":null}},"43":{"start":{"line":121,"column":52},"end":{"line":121,"column":81}},"44":{"start":{"line":123,"column":6},"end":{"line":130,"column":null}},"45":{"start":{"line":136,"column":18},"end":{"line":136,"column":null}},"46":{"start":{"line":136,"column":57},"end":{"line":136,"column":86}},"47":{"start":{"line":137,"column":4},"end":{"line":137,"column":null}},"48":{"start":{"line":140,"column":26},"end":{"line":140,"column":null}},"49":{"start":{"line":143,"column":4},"end":{"line":143,"column":null}},"50":{"start":{"line":143,"column":19},"end":{"line":143,"column":null}},"51":{"start":{"line":144,"column":4},"end":{"line":144,"column":null}},"52":{"start":{"line":145,"column":4},"end":{"line":145,"column":null}},"53":{"start":{"line":147,"column":4},"end":{"line":165,"column":null}},"54":{"start":{"line":148,"column":6},"end":{"line":164,"column":null}},"55":{"start":{"line":150,"column":22},"end":{"line":150,"column":null}},"56":{"start":{"line":151,"column":10},"end":{"line":151,"column":null}},"57":{"start":{"line":154,"column":10},"end":{"line":156,"column":null}},"58":{"start":{"line":155,"column":12},"end":{"line":155,"column":null}},"59":{"start":{"line":157,"column":10},"end":{"line":157,"column":null}},"60":{"start":{"line":161,"column":10},"end":{"line":161,"column":null}},"61":{"start":{"line":162,"column":10},"end":{"line":162,"column":null}},"62":{"start":{"line":168,"column":4},"end":{"line":172,"column":null}},"63":{"start":{"line":169,"column":6},"end":{"line":171,"column":null}},"64":{"start":{"line":170,"column":8},"end":{"line":170,"column":null}},"65":{"start":{"line":176,"column":4},"end":{"line":176,"column":null}},"66":{"start":{"line":177,"column":4},"end":{"line":177,"column":null}},"67":{"start":{"line":178,"column":4},"end":{"line":178,"column":null}}},"fnMap":{"0":{"name":"getSSE","decl":{"start":{"line":14,"column":9},"end":{"line":14,"column":18}},"loc":{"start":{"line":14,"column":18},"end":{"line":17,"column":null}},"line":14},"1":{"name":"(anonymous_1)","decl":{"start":{"line":41,"column":49},"end":{"line":41,"column":50}},"loc":{"start":{"line":41,"column":64},"end":{"line":180,"column":2}},"line":41},"2":{"name":"(anonymous_2)","decl":{"start":{"line":48,"column":13},"end":{"line":48,"column":25}},"loc":{"start":{"line":48,"column":25},"end":{"line":56,"column":null}},"line":48},"3":{"name":"(anonymous_3)","decl":{"start":{"line":51,"column":46},"end":{"line":51,"column":47}},"loc":{"start":{"line":51,"column":58},"end":{"line":51,"column":87}},"line":51},"4":{"name":"(anonymous_4)","decl":{"start":{"line":58,"column":16},"end":{"line":58,"column":23}},"loc":{"start":{"line":58,"column":42},"end":{"line":67,"column":null}},"line":58},"5":{"name":"(anonymous_5)","decl":{"start":{"line":61,"column":10},"end":{"line":61,"column":16}},"loc":{"start":{"line":61,"column":16},"end":{"line":63,"column":8}},"line":61},"6":{"name":"(anonymous_6)","decl":{"start":{"line":69,"column":15},"end":{"line":69,"column":22}},"loc":{"start":{"line":69,"column":55},"end":{"line":87,"column":null}},"line":69},"7":{"name":"(anonymous_7)","decl":{"start":{"line":72,"column":10},"end":{"line":72,"column":16}},"loc":{"start":{"line":72,"column":16},"end":{"line":78,"column":8}},"line":72},"8":{"name":"(anonymous_8)","decl":{"start":{"line":83,"column":19},"end":{"line":83,"column":25}},"loc":{"start":{"line":83,"column":25},"end":{"line":83,"column":51}},"line":83},"9":{"name":"(anonymous_9)","decl":{"start":{"line":89,"column":12},"end":{"line":89,"column":13}},"loc":{"start":{"line":89,"column":32},"end":{"line":98,"column":null}},"line":89},"10":{"name":"(anonymous_10)","decl":{"start":{"line":90,"column":8},"end":{"line":90,"column":13}},"loc":{"start":{"line":90,"column":13},"end":{"line":96,"column":5}},"line":90},"11":{"name":"(anonymous_11)","decl":{"start":{"line":91,"column":40},"end":{"line":91,"column":null}},"loc":{"start":{"line":92,"column":8},"end":{"line":92,"column":null}},"line":92},"12":{"name":"(anonymous_12)","decl":{"start":{"line":94,"column":33},"end":{"line":94,"column":34}},"loc":{"start":{"line":94,"column":45},"end":{"line":94,"column":74}},"line":94},"13":{"name":"(anonymous_13)","decl":{"start":{"line":97,"column":30},"end":{"line":97,"column":36}},"loc":{"start":{"line":97,"column":36},"end":{"line":97,"column":38}},"line":97},"14":{"name":"(anonymous_14)","decl":{"start":{"line":100,"column":14},"end":{"line":100,"column":15}},"loc":{"start":{"line":100,"column":50},"end":{"line":132,"column":null}},"line":100},"15":{"name":"(anonymous_15)","decl":{"start":{"line":101,"column":8},"end":{"line":101,"column":13}},"loc":{"start":{"line":101,"column":13},"end":{"line":131,"column":5}},"line":101},"16":{"name":"(anonymous_16)","decl":{"start":{"line":103,"column":24},"end":{"line":103,"column":29}},"loc":{"start":{"line":103,"column":29},"end":{"line":103,"column":44}},"line":103},"17":{"name":"(anonymous_17)","decl":{"start":{"line":107,"column":47},"end":{"line":107,"column":52}},"loc":{"start":{"line":107,"column":52},"end":{"line":119,"column":7}},"line":107},"18":{"name":"(anonymous_18)","decl":{"start":{"line":121,"column":40},"end":{"line":121,"column":41}},"loc":{"start":{"line":121,"column":52},"end":{"line":121,"column":81}},"line":121},"19":{"name":"(anonymous_19)","decl":{"start":{"line":134,"column":15},"end":{"line":134,"column":16}},"loc":{"start":{"line":134,"column":36},"end":{"line":138,"column":null}},"line":134},"20":{"name":"(anonymous_20)","decl":{"start":{"line":136,"column":45},"end":{"line":136,"column":46}},"loc":{"start":{"line":136,"column":57},"end":{"line":136,"column":86}},"line":136},"21":{"name":"(anonymous_21)","decl":{"start":{"line":140,"column":20},"end":{"line":140,"column":26}},"loc":{"start":{"line":140,"column":26},"end":{"line":140,"column":null}},"line":140},"22":{"name":"(anonymous_22)","decl":{"start":{"line":142,"column":11},"end":{"line":142,"column":17}},"loc":{"start":{"line":142,"column":17},"end":{"line":173,"column":null}},"line":142},"23":{"name":"(anonymous_23)","decl":{"start":{"line":147,"column":21},"end":{"line":147,"column":22}},"loc":{"start":{"line":147,"column":42},"end":{"line":165,"column":5}},"line":147},"24":{"name":"(anonymous_24)","decl":{"start":{"line":168,"column":15},"end":{"line":168,"column":21}},"loc":{"start":{"line":168,"column":21},"end":{"line":172,"column":7}},"line":168},"25":{"name":"(anonymous_25)","decl":{"start":{"line":175,"column":14},"end":{"line":175,"column":20}},"loc":{"start":{"line":175,"column":20},"end":{"line":179,"column":null}},"line":175}},"branchMap":{"0":{"loc":{"start":{"line":15,"column":2},"end":{"line":15,"column":null}},"type":"if","locations":[{"start":{"line":15,"column":2},"end":{"line":15,"column":null}},{"start":{},"end":{}}],"line":15},"1":{"loc":{"start":{"line":51,"column":65},"end":{"line":51,"column":87}},"type":"binary-expr","locations":[{"start":{"line":51,"column":65},"end":{"line":51,"column":83}},{"start":{"line":51,"column":83},"end":{"line":51,"column":87}}],"line":51},"2":{"loc":{"start":{"line":75,"column":25},"end":{"line":75,"column":58}},"type":"binary-expr","locations":[{"start":{"line":75,"column":25},"end":{"line":75,"column":53}},{"start":{"line":75,"column":53},"end":{"line":75,"column":58}}],"line":75},"3":{"loc":{"start":{"line":81,"column":6},"end":{"line":84,"column":null}},"type":"if","locations":[{"start":{"line":81,"column":6},"end":{"line":84,"column":null}},{"start":{},"end":{}}],"line":81},"4":{"loc":{"start":{"line":81,"column":10},"end":{"line":81,"column":83}},"type":"binary-expr","locations":[{"start":{"line":81,"column":10},"end":{"line":81,"column":52}},{"start":{"line":81,"column":52},"end":{"line":81,"column":83}}],"line":81},"5":{"loc":{"start":{"line":92,"column":8},"end":{"line":92,"column":null}},"type":"cond-expr","locations":[{"start":{"line":92,"column":26},"end":{"line":92,"column":54}},{"start":{"line":92,"column":54},"end":{"line":92,"column":null}}],"line":92},"6":{"loc":{"start":{"line":94,"column":52},"end":{"line":94,"column":74}},"type":"binary-expr","locations":[{"start":{"line":94,"column":52},"end":{"line":94,"column":70}},{"start":{"line":94,"column":70},"end":{"line":94,"column":74}}],"line":94},"7":{"loc":{"start":{"line":102,"column":23},"end":{"line":102,"column":null}},"type":"binary-expr","locations":[{"start":{"line":102,"column":23},"end":{"line":102,"column":51}},{"start":{"line":102,"column":51},"end":{"line":102,"column":null}}],"line":102},"8":{"loc":{"start":{"line":103,"column":6},"end":{"line":103,"column":null}},"type":"if","locations":[{"start":{"line":103,"column":6},"end":{"line":103,"column":null}},{"start":{},"end":{}}],"line":103},"9":{"loc":{"start":{"line":108,"column":8},"end":{"line":117,"column":null}},"type":"if","locations":[{"start":{"line":108,"column":8},"end":{"line":117,"column":null}},{"start":{},"end":{}}],"line":108},"10":{"loc":{"start":{"line":115,"column":27},"end":{"line":115,"column":50}},"type":"binary-expr","locations":[{"start":{"line":115,"column":27},"end":{"line":115,"column":45}},{"start":{"line":115,"column":45},"end":{"line":115,"column":50}}],"line":115},"11":{"loc":{"start":{"line":121,"column":59},"end":{"line":121,"column":81}},"type":"binary-expr","locations":[{"start":{"line":121,"column":59},"end":{"line":121,"column":77}},{"start":{"line":121,"column":77},"end":{"line":121,"column":81}}],"line":121},"12":{"loc":{"start":{"line":136,"column":64},"end":{"line":136,"column":86}},"type":"binary-expr","locations":[{"start":{"line":136,"column":64},"end":{"line":136,"column":82}},{"start":{"line":136,"column":82},"end":{"line":136,"column":86}}],"line":136},"13":{"loc":{"start":{"line":143,"column":4},"end":{"line":143,"column":null}},"type":"if","locations":[{"start":{"line":143,"column":4},"end":{"line":143,"column":null}},{"start":{},"end":{}}],"line":143},"14":{"loc":{"start":{"line":148,"column":6},"end":{"line":164,"column":null}},"type":"switch","locations":[{"start":{"line":149,"column":8},"end":{"line":158,"column":null}},{"start":{"line":159,"column":8},"end":{"line":163,"column":null}}],"line":148},"15":{"loc":{"start":{"line":154,"column":10},"end":{"line":156,"column":null}},"type":"if","locations":[{"start":{"line":154,"column":10},"end":{"line":156,"column":null}},{"start":{},"end":{}}],"line":154},"16":{"loc":{"start":{"line":169,"column":6},"end":{"line":171,"column":null}},"type":"if","locations":[{"start":{"line":169,"column":6},"end":{"line":171,"column":null}},{"start":{},"end":{}}],"line":169}},"s":{"0":0,"1":0,"2":0,"3":0,"4":0,"5":0,"6":0,"7":0,"8":0,"9":0,"10":0,"11":0,"12":0,"13":0,"14":0,"15":0,"16":0,"17":0,"18":0,"19":0,"20":0,"21":0,"22":0,"23":0,"24":0,"25":0,"26":0,"27":0,"28":0,"29":0,"30":0,"31":0,"32":0,"33":0,"34":0,"35":0,"36":0,"37":0,"38":0,"39":0,"40":0,"41":0,"42":0,"43":0,"44":0,"45":0,"46":0,"47":0,"48":0,"49":0,"50":0,"51":0,"52":0,"53":0,"54":0,"55":0,"56":0,"57":0,"58":0,"59":0,"60":0,"61":0,"62":0,"63":0,"64":0,"65":0,"66":0,"67":0},"f":{"0":0,"1":0,"2":0,"3":0,"4":0,"5":0,"6":0,"7":0,"8":0,"9":0,"10":0,"11":0,"12":0,"13":0,"14":0,"15":0,"16":0,"17":0,"18":0,"19":0,"20":0,"21":0,"22":0,"23":0,"24":0,"25":0},"b":{"0":[0,0],"1":[0,0],"2":[0,0],"3":[0,0],"4":[0,0],"5":[0,0],"6":[0,0],"7":[0,0],"8":[0,0],"9":[0,0],"10":[0,0],"11":[0,0],"12":[0,0],"13":[0,0],"14":[0,0],"15":[0,0],"16":[0,0]},"meta":{"lastBranch":17,"lastFunction":26,"lastStatement":68,"seen":{"s:12:35:12:Infinity":0,"f:14:9:14:18":0,"b:15:2:15:Infinity:undefined:undefined:undefined:undefined":0,"s:15:2:15:Infinity":1,"s:15:12:15:Infinity":2,"s:16:2:16:Infinity":3,"s:39:16:39:Infinity":4,"s:41:13:180:Infinity":5,"f:41:49:41:50":1,"s:41:64:180:2":6,"f:48:13:48:25":2,"s:49:4:55:Infinity":7,"s:50:19:50:Infinity":8,"s:51:20:51:Infinity":9,"f:51:46:51:47":3,"s:51:58:51:87":10,"b:51:65:51:83:51:83:51:87":1,"s:52:6:52:Infinity":11,"f:58:16:58:23":4,"s:59:4:66:Infinity":12,"s:60:19:60:Infinity":13,"s:61:6:63:Infinity":14,"f:61:10:61:16":5,"s:61:16:63:8":15,"f:69:15:69:22":6,"s:70:4:86:Infinity":16,"s:71:18:71:Infinity":17,"s:72:6:78:Infinity":18,"f:72:10:72:16":7,"s:72:16:78:8":19,"b:75:25:75:53:75:53:75:58":2,"s:79:6:79:Infinity":20,"b:81:6:84:Infinity:undefined:undefined:undefined:undefined":3,"s:81:6:84:Infinity":21,"b:81:10:81:52:81:52:81:83":4,"s:82:8:82:Infinity":22,"s:83:8:83:Infinity":23,"f:83:19:83:25":8,"s:83:25:83:51":24,"s:85:6:85:Infinity":25,"f:89:12:89:13":9,"s:90:4:96:Infinity":26,"f:90:8:90:13":10,"s:91:20:93:Infinity":27,"f:91:40:91:Infinity":11,"s:92:8:92:Infinity":28,"b:92:26:92:54:92:54:92:Infinity":5,"s:94:20:94:Infinity":29,"f:94:33:94:34":12,"s:94:45:94:74":30,"b:94:52:94:70:94:70:94:74":6,"s:95:6:95:Infinity":31,"s:97:4:97:Infinity":32,"f:97:30:97:36":13,"f:100:14:100:15":14,"s:101:4:131:Infinity":33,"f:101:8:101:13":15,"s:102:23:102:Infinity":34,"b:102:23:102:51:102:51:102:Infinity":7,"b:103:6:103:Infinity:undefined:undefined:undefined:undefined":8,"s:103:6:103:Infinity":35,"f:103:24:103:29":16,"s:103:29:103:44":36,"s:103:47:103:Infinity":37,"s:107:27:119:Infinity":38,"f:107:47:107:52":17,"b:108:8:117:Infinity:undefined:undefined:undefined:undefined":9,"s:108:8:117:Infinity":39,"s:109:10:116:Infinity":40,"b:115:27:115:45:115:45:115:50":10,"s:118:8:118:Infinity":41,"s:121:20:121:Infinity":42,"f:121:40:121:41":18,"s:121:52:121:81":43,"b:121:59:121:77:121:77:121:81":11,"s:123:6:130:Infinity":44,"f:134:15:134:16":19,"s:136:18:136:Infinity":45,"f:136:45:136:46":20,"s:136:57:136:86":46,"b:136:64:136:82:136:82:136:86":12,"s:137:4:137:Infinity":47,"f:140:20:140:26":21,"s:140:26:140:Infinity":48,"f:142:11:142:17":22,"b:143:4:143:Infinity:undefined:undefined:undefined:undefined":13,"s:143:4:143:Infinity":49,"s:143:19:143:Infinity":50,"s:144:4:144:Infinity":51,"s:145:4:145:Infinity":52,"s:147:4:165:Infinity":53,"f:147:21:147:22":23,"b:149:8:158:Infinity:159:8:163:Infinity":14,"s:148:6:164:Infinity":54,"s:150:22:150:Infinity":55,"s:151:10:151:Infinity":56,"b:154:10:156:Infinity:undefined:undefined:undefined:undefined":15,"s:154:10:156:Infinity":57,"s:155:12:155:Infinity":58,"s:157:10:157:Infinity":59,"s:161:10:161:Infinity":60,"s:162:10:162:Infinity":61,"s:168:4:172:Infinity":62,"f:168:15:168:21":24,"b:169:6:171:Infinity:undefined:undefined:undefined:undefined":16,"s:169:6:171:Infinity":63,"s:170:8:170:Infinity":64,"f:175:14:175:20":25,"s:176:4:176:Infinity":65,"s:177:4:177:Infinity":66,"s:178:4:178:Infinity":67},"fnNames":{}}}
}
